This is pdfTeX, Version 3.141592653-2.6-1.40.25 (TeX Live 2023) (preloaded format=pdflatex 2023.5.14)  9 JUN 2025 10:33
entering extended mode
 restricted \write18 enabled.
 file:line:error style messages enabled.
 %&-line parsing enabled.
**03-CCA-GxT.tex
(./03-CCA-GxT.tex
LaTeX2e <2022-11-01> patch level 1
L3 programming layer <2023-02-22>
(/usr/local/texlive/2023/texmf-dist/tex/latex/beamer/beamer.cls
Document Class: beamer 2023/02/20 v3.69 A class for typesetting presentations
(/usr/local/texlive/2023/texmf-dist/tex/latex/beamer/beamerbasemodes.sty
(/usr/local/texlive/2023/texmf-dist/tex/latex/etoolbox/etoolbox.sty
Package: etoolbox 2020/10/05 v2.5k e-TeX tools for LaTeX (JAW)
\etb@tempcnta=\count185
)
\beamer@tempbox=\box51
\beamer@tempcount=\count186
\c@beamerpauses=\count187

(/usr/local/texlive/2023/texmf-dist/tex/latex/beamer/beamerbasedecode.sty
\beamer@slideinframe=\count188
\beamer@minimum=\count189
\beamer@decode@box=\box52
)
\beamer@commentbox=\box53
\beamer@modecount=\count190
)
(/usr/local/texlive/2023/texmf-dist/tex/generic/iftex/iftex.sty
Package: iftex 2022/02/03 v1.0f TeX engine tests
)
\headdp=\dimen140
\footheight=\dimen141
\sidebarheight=\dimen142
\beamer@tempdim=\dimen143
\beamer@finalheight=\dimen144
\beamer@animht=\dimen145
\beamer@animdp=\dimen146
\beamer@animwd=\dimen147
\beamer@leftmargin=\dimen148
\beamer@rightmargin=\dimen149
\beamer@leftsidebar=\dimen150
\beamer@rightsidebar=\dimen151
\beamer@boxsize=\dimen152
\beamer@vboxoffset=\dimen153
\beamer@descdefault=\dimen154
\beamer@descriptionwidth=\dimen155
\beamer@lastskip=\skip48
\beamer@areabox=\box54
\beamer@animcurrent=\box55
\beamer@animshowbox=\box56
\beamer@sectionbox=\box57
\beamer@logobox=\box58
\beamer@linebox=\box59
\beamer@sectioncount=\count191
\beamer@subsubsectionmax=\count192
\beamer@subsectionmax=\count193
\beamer@sectionmax=\count194
\beamer@totalheads=\count195
\beamer@headcounter=\count196
\beamer@partstartpage=\count197
\beamer@sectionstartpage=\count198
\beamer@subsectionstartpage=\count199
\beamer@animationtempa=\count266
\beamer@animationtempb=\count267
\beamer@xpos=\count268
\beamer@ypos=\count269
\beamer@ypos@offset=\count270
\beamer@showpartnumber=\count271
\beamer@currentsubsection=\count272
\beamer@coveringdepth=\count273
\beamer@sectionadjust=\count274
\beamer@toclastsection=\count275
\beamer@tocsectionnumber=\count276

(/usr/local/texlive/2023/texmf-dist/tex/latex/beamer/beamerbaseoptions.sty
(/usr/local/texlive/2023/texmf-dist/tex/latex/graphics/keyval.sty
Package: keyval 2022/05/29 v1.15 key=value parser (DPC)
\KV@toks@=\toks16
))
\beamer@paperwidth=\skip49
\beamer@paperheight=\skip50

(/usr/local/texlive/2023/texmf-dist/tex/latex/geometry/geometry.sty
Package: geometry 2020/01/02 v5.9 Page Geometry

(/usr/local/texlive/2023/texmf-dist/tex/generic/iftex/ifvtex.sty
Package: ifvtex 2019/10/25 v1.7 ifvtex legacy package. Use iftex instead.
)
\Gm@cnth=\count277
\Gm@cntv=\count278
\c@Gm@tempcnt=\count279
\Gm@bindingoffset=\dimen156
\Gm@wd@mp=\dimen157
\Gm@odd@mp=\dimen158
\Gm@even@mp=\dimen159
\Gm@layoutwidth=\dimen160
\Gm@layoutheight=\dimen161
\Gm@layouthoffset=\dimen162
\Gm@layoutvoffset=\dimen163
\Gm@dimlist=\toks17
)
(/usr/local/texlive/2023/texmf-dist/tex/latex/pgf/math/pgfmath.sty
(/usr/local/texlive/2023/texmf-dist/tex/latex/pgf/utilities/pgfrcs.sty
(/usr/local/texlive/2023/texmf-dist/tex/generic/pgf/utilities/pgfutil-common.te
x
\pgfutil@everybye=\toks18
\pgfutil@tempdima=\dimen164
\pgfutil@tempdimb=\dimen165
)
(/usr/local/texlive/2023/texmf-dist/tex/generic/pgf/utilities/pgfutil-latex.def
\pgfutil@abb=\box60
) (/usr/local/texlive/2023/texmf-dist/tex/generic/pgf/utilities/pgfrcs.code.tex
(/usr/local/texlive/2023/texmf-dist/tex/generic/pgf/pgf.revision.tex)
Package: pgfrcs 2023-01-15 v3.1.10 (3.1.10)
))
(/usr/local/texlive/2023/texmf-dist/tex/latex/pgf/utilities/pgfkeys.sty
(/usr/local/texlive/2023/texmf-dist/tex/generic/pgf/utilities/pgfkeys.code.tex
\pgfkeys@pathtoks=\toks19
\pgfkeys@temptoks=\toks20

(/usr/local/texlive/2023/texmf-dist/tex/generic/pgf/utilities/pgfkeyslibraryfil
tered.code.tex
\pgfkeys@tmptoks=\toks21
)))
(/usr/local/texlive/2023/texmf-dist/tex/generic/pgf/math/pgfmath.code.tex
(/usr/local/texlive/2023/texmf-dist/tex/generic/pgf/math/pgfmathutil.code.tex
\pgf@x=\dimen166
\pgf@xa=\dimen167
\pgf@xb=\dimen168
\pgf@xc=\dimen169
\pgf@y=\dimen170
\pgf@ya=\dimen171
\pgf@yb=\dimen172
\pgf@yc=\dimen173
\c@pgf@counta=\count280
\c@pgf@countb=\count281
\c@pgf@countc=\count282
\c@pgf@countd=\count283
)
(/usr/local/texlive/2023/texmf-dist/tex/generic/pgf/math/pgfmathparser.code.tex
\pgfmath@dimen=\dimen174
\pgfmath@count=\count284
\pgfmath@box=\box61
\pgfmath@toks=\toks22
\pgfmath@stack@operand=\toks23
\pgfmath@stack@operation=\toks24
)
(/usr/local/texlive/2023/texmf-dist/tex/generic/pgf/math/pgfmathfunctions.code.
tex)
(/usr/local/texlive/2023/texmf-dist/tex/generic/pgf/math/pgfmathfunctions.basic
.code.tex)
(/usr/local/texlive/2023/texmf-dist/tex/generic/pgf/math/pgfmathfunctions.trigo
nometric.code.tex)
(/usr/local/texlive/2023/texmf-dist/tex/generic/pgf/math/pgfmathfunctions.rando
m.code.tex)
(/usr/local/texlive/2023/texmf-dist/tex/generic/pgf/math/pgfmathfunctions.compa
rison.code.tex)
(/usr/local/texlive/2023/texmf-dist/tex/generic/pgf/math/pgfmathfunctions.base.
code.tex)
(/usr/local/texlive/2023/texmf-dist/tex/generic/pgf/math/pgfmathfunctions.round
.code.tex)
(/usr/local/texlive/2023/texmf-dist/tex/generic/pgf/math/pgfmathfunctions.misc.
code.tex)
(/usr/local/texlive/2023/texmf-dist/tex/generic/pgf/math/pgfmathfunctions.integ
erarithmetics.code.tex)
(/usr/local/texlive/2023/texmf-dist/tex/generic/pgf/math/pgfmathcalc.code.tex)
(/usr/local/texlive/2023/texmf-dist/tex/generic/pgf/math/pgfmathfloat.code.tex
\c@pgfmathroundto@lastzeros=\count285
))) (/usr/local/texlive/2023/texmf-dist/tex/latex/base/size11.clo
File: size11.clo 2022/07/02 v1.4n Standard LaTeX file (size option)
)
(/usr/local/texlive/2023/texmf-dist/tex/latex/pgf/basiclayer/pgfcore.sty
(/usr/local/texlive/2023/texmf-dist/tex/latex/graphics/graphicx.sty
Package: graphicx 2021/09/16 v1.2d Enhanced LaTeX Graphics (DPC,SPQR)

(/usr/local/texlive/2023/texmf-dist/tex/latex/graphics/graphics.sty
Package: graphics 2022/03/10 v1.4e Standard LaTeX Graphics (DPC,SPQR)

(/usr/local/texlive/2023/texmf-dist/tex/latex/graphics/trig.sty
Package: trig 2021/08/11 v1.11 sin cos tan (DPC)
)
(/usr/local/texlive/2023/texmf-dist/tex/latex/graphics-cfg/graphics.cfg
File: graphics.cfg 2016/06/04 v1.11 sample graphics configuration
)
Package graphics Info: Driver file: pdftex.def on input line 107.

(/usr/local/texlive/2023/texmf-dist/tex/latex/graphics-def/pdftex.def
File: pdftex.def 2022/09/22 v1.2b Graphics/color driver for pdftex
))
\Gin@req@height=\dimen175
\Gin@req@width=\dimen176
)
(/usr/local/texlive/2023/texmf-dist/tex/latex/pgf/systemlayer/pgfsys.sty
(/usr/local/texlive/2023/texmf-dist/tex/generic/pgf/systemlayer/pgfsys.code.tex
Package: pgfsys 2023-01-15 v3.1.10 (3.1.10)
\pgf@x=\dimen177
\pgf@y=\dimen178
\pgf@xa=\dimen179
\pgf@ya=\dimen180
\pgf@xb=\dimen181
\pgf@yb=\dimen182
\pgf@xc=\dimen183
\pgf@yc=\dimen184
\pgf@xd=\dimen185
\pgf@yd=\dimen186
\w@pgf@writea=\write3
\r@pgf@reada=\read2
\c@pgf@counta=\count286
\c@pgf@countb=\count287
\c@pgf@countc=\count288
\c@pgf@countd=\count289
\t@pgf@toka=\toks25
\t@pgf@tokb=\toks26
\t@pgf@tokc=\toks27
\pgf@sys@id@count=\count290
(/usr/local/texlive/2023/texmf-dist/tex/generic/pgf/systemlayer/pgf.cfg
File: pgf.cfg 2023-01-15 v3.1.10 (3.1.10)
)
Driver file for pgf: pgfsys-pdftex.def

(/usr/local/texlive/2023/texmf-dist/tex/generic/pgf/systemlayer/pgfsys-pdftex.d
ef
File: pgfsys-pdftex.def 2023-01-15 v3.1.10 (3.1.10)

(/usr/local/texlive/2023/texmf-dist/tex/generic/pgf/systemlayer/pgfsys-common-p
df.def
File: pgfsys-common-pdf.def 2023-01-15 v3.1.10 (3.1.10)
)))
(/usr/local/texlive/2023/texmf-dist/tex/generic/pgf/systemlayer/pgfsyssoftpath.
code.tex
File: pgfsyssoftpath.code.tex 2023-01-15 v3.1.10 (3.1.10)
\pgfsyssoftpath@smallbuffer@items=\count291
\pgfsyssoftpath@bigbuffer@items=\count292
)
(/usr/local/texlive/2023/texmf-dist/tex/generic/pgf/systemlayer/pgfsysprotocol.
code.tex
File: pgfsysprotocol.code.tex 2023-01-15 v3.1.10 (3.1.10)
)) (/usr/local/texlive/2023/texmf-dist/tex/latex/xcolor/xcolor.sty
Package: xcolor 2022/06/12 v2.14 LaTeX color extensions (UK)

(/usr/local/texlive/2023/texmf-dist/tex/latex/graphics-cfg/color.cfg
File: color.cfg 2016/01/02 v1.6 sample color configuration
)
Package xcolor Info: Driver file: pdftex.def on input line 227.

(/usr/local/texlive/2023/texmf-dist/tex/latex/colortbl/colortbl.sty
Package: colortbl 2022/06/20 v1.0f Color table columns (DPC)

(/usr/local/texlive/2023/texmf-dist/tex/latex/tools/array.sty
Package: array 2022/09/04 v2.5g Tabular extension package (FMi)
\col@sep=\dimen187
\ar@mcellbox=\box62
\extrarowheight=\dimen188
\NC@list=\toks28
\extratabsurround=\skip51
\backup@length=\skip52
\ar@cellbox=\box63
)
\everycr=\toks29
\minrowclearance=\skip53
\rownum=\count293
)
(/usr/local/texlive/2023/texmf-dist/tex/latex/graphics/mathcolor.ltx)
Package xcolor Info: Model `cmy' substituted by `cmy0' on input line 1353.
Package xcolor Info: Model `hsb' substituted by `rgb' on input line 1357.
Package xcolor Info: Model `RGB' extended on input line 1369.
Package xcolor Info: Model `HTML' substituted by `rgb' on input line 1371.
Package xcolor Info: Model `Hsb' substituted by `hsb' on input line 1372.
Package xcolor Info: Model `tHsb' substituted by `hsb' on input line 1373.
Package xcolor Info: Model `HSB' substituted by `hsb' on input line 1374.
Package xcolor Info: Model `Gray' substituted by `gray' on input line 1375.
Package xcolor Info: Model `wave' substituted by `hsb' on input line 1376.
)
(/usr/local/texlive/2023/texmf-dist/tex/generic/pgf/basiclayer/pgfcore.code.tex
Package: pgfcore 2023-01-15 v3.1.10 (3.1.10)
(/usr/local/texlive/2023/texmf-dist/tex/generic/pgf/math/pgfint.code.tex)
(/usr/local/texlive/2023/texmf-dist/tex/generic/pgf/basiclayer/pgfcorepoints.co
de.tex
File: pgfcorepoints.code.tex 2023-01-15 v3.1.10 (3.1.10)
\pgf@picminx=\dimen189
\pgf@picmaxx=\dimen190
\pgf@picminy=\dimen191
\pgf@picmaxy=\dimen192
\pgf@pathminx=\dimen193
\pgf@pathmaxx=\dimen194
\pgf@pathminy=\dimen195
\pgf@pathmaxy=\dimen196
\pgf@xx=\dimen197
\pgf@xy=\dimen198
\pgf@yx=\dimen199
\pgf@yy=\dimen256
\pgf@zx=\dimen257
\pgf@zy=\dimen258
)
(/usr/local/texlive/2023/texmf-dist/tex/generic/pgf/basiclayer/pgfcorepathconst
ruct.code.tex
File: pgfcorepathconstruct.code.tex 2023-01-15 v3.1.10 (3.1.10)
\pgf@path@lastx=\dimen259
\pgf@path@lasty=\dimen260
)
(/usr/local/texlive/2023/texmf-dist/tex/generic/pgf/basiclayer/pgfcorepathusage
.code.tex
File: pgfcorepathusage.code.tex 2023-01-15 v3.1.10 (3.1.10)
\pgf@shorten@end@additional=\dimen261
\pgf@shorten@start@additional=\dimen262
)
(/usr/local/texlive/2023/texmf-dist/tex/generic/pgf/basiclayer/pgfcorescopes.co
de.tex
File: pgfcorescopes.code.tex 2023-01-15 v3.1.10 (3.1.10)
\pgfpic=\box64
\pgf@hbox=\box65
\pgf@layerbox@main=\box66
\pgf@picture@serial@count=\count294
)
(/usr/local/texlive/2023/texmf-dist/tex/generic/pgf/basiclayer/pgfcoregraphicst
ate.code.tex
File: pgfcoregraphicstate.code.tex 2023-01-15 v3.1.10 (3.1.10)
\pgflinewidth=\dimen263
)
(/usr/local/texlive/2023/texmf-dist/tex/generic/pgf/basiclayer/pgfcoretransform
ations.code.tex
File: pgfcoretransformations.code.tex 2023-01-15 v3.1.10 (3.1.10)
\pgf@pt@x=\dimen264
\pgf@pt@y=\dimen265
\pgf@pt@temp=\dimen266
)
(/usr/local/texlive/2023/texmf-dist/tex/generic/pgf/basiclayer/pgfcorequick.cod
e.tex
File: pgfcorequick.code.tex 2023-01-15 v3.1.10 (3.1.10)
)
(/usr/local/texlive/2023/texmf-dist/tex/generic/pgf/basiclayer/pgfcoreobjects.c
ode.tex
File: pgfcoreobjects.code.tex 2023-01-15 v3.1.10 (3.1.10)
)
(/usr/local/texlive/2023/texmf-dist/tex/generic/pgf/basiclayer/pgfcorepathproce
ssing.code.tex
File: pgfcorepathprocessing.code.tex 2023-01-15 v3.1.10 (3.1.10)
)
(/usr/local/texlive/2023/texmf-dist/tex/generic/pgf/basiclayer/pgfcorearrows.co
de.tex
File: pgfcorearrows.code.tex 2023-01-15 v3.1.10 (3.1.10)
\pgfarrowsep=\dimen267
)
(/usr/local/texlive/2023/texmf-dist/tex/generic/pgf/basiclayer/pgfcoreshade.cod
e.tex
File: pgfcoreshade.code.tex 2023-01-15 v3.1.10 (3.1.10)
\pgf@max=\dimen268
\pgf@sys@shading@range@num=\count295
\pgf@shadingcount=\count296
)
(/usr/local/texlive/2023/texmf-dist/tex/generic/pgf/basiclayer/pgfcoreimage.cod
e.tex
File: pgfcoreimage.code.tex 2023-01-15 v3.1.10 (3.1.10)
)
(/usr/local/texlive/2023/texmf-dist/tex/generic/pgf/basiclayer/pgfcoreexternal.
code.tex
File: pgfcoreexternal.code.tex 2023-01-15 v3.1.10 (3.1.10)
\pgfexternal@startupbox=\box67
)
(/usr/local/texlive/2023/texmf-dist/tex/generic/pgf/basiclayer/pgfcorelayers.co
de.tex
File: pgfcorelayers.code.tex 2023-01-15 v3.1.10 (3.1.10)
)
(/usr/local/texlive/2023/texmf-dist/tex/generic/pgf/basiclayer/pgfcoretranspare
ncy.code.tex
File: pgfcoretransparency.code.tex 2023-01-15 v3.1.10 (3.1.10)
)
(/usr/local/texlive/2023/texmf-dist/tex/generic/pgf/basiclayer/pgfcorepatterns.
code.tex
File: pgfcorepatterns.code.tex 2023-01-15 v3.1.10 (3.1.10)
)
(/usr/local/texlive/2023/texmf-dist/tex/generic/pgf/basiclayer/pgfcorerdf.code.
tex
File: pgfcorerdf.code.tex 2023-01-15 v3.1.10 (3.1.10)
))) (/usr/local/texlive/2023/texmf-dist/tex/latex/pgf/utilities/xxcolor.sty
Package: xxcolor 2003/10/24 ver 0.1
\XC@nummixins=\count297
\XC@countmixins=\count298
) (/usr/local/texlive/2023/texmf-dist/tex/latex/base/atbegshi-ltx.sty
Package: atbegshi-ltx 2021/01/10 v1.0c Emulation of the original atbegshi
package with kernel methods
)
(/usr/local/texlive/2023/texmf-dist/tex/latex/hyperref/hyperref.sty
Package: hyperref 2023-02-07 v7.00v Hypertext links for LaTeX

(/usr/local/texlive/2023/texmf-dist/tex/generic/ltxcmds/ltxcmds.sty
Package: ltxcmds 2020-05-10 v1.25 LaTeX kernel commands for general use (HO)
)
(/usr/local/texlive/2023/texmf-dist/tex/generic/pdftexcmds/pdftexcmds.sty
Package: pdftexcmds 2020-06-27 v0.33 Utility functions of pdfTeX for LuaTeX (HO
)

(/usr/local/texlive/2023/texmf-dist/tex/generic/infwarerr/infwarerr.sty
Package: infwarerr 2019/12/03 v1.5 Providing info/warning/error messages (HO)
)
Package pdftexcmds Info: \pdf@primitive is available.
Package pdftexcmds Info: \pdf@ifprimitive is available.
Package pdftexcmds Info: \pdfdraftmode found.
)
(/usr/local/texlive/2023/texmf-dist/tex/latex/kvsetkeys/kvsetkeys.sty
Package: kvsetkeys 2022-10-05 v1.19 Key value parser (HO)
)
(/usr/local/texlive/2023/texmf-dist/tex/generic/kvdefinekeys/kvdefinekeys.sty
Package: kvdefinekeys 2019-12-19 v1.6 Define keys (HO)
)
(/usr/local/texlive/2023/texmf-dist/tex/generic/pdfescape/pdfescape.sty
Package: pdfescape 2019/12/09 v1.15 Implements pdfTeX's escape features (HO)
)
(/usr/local/texlive/2023/texmf-dist/tex/latex/hycolor/hycolor.sty
Package: hycolor 2020-01-27 v1.10 Color options for hyperref/bookmark (HO)
)
(/usr/local/texlive/2023/texmf-dist/tex/latex/letltxmacro/letltxmacro.sty
Package: letltxmacro 2019/12/03 v1.6 Let assignment for LaTeX macros (HO)
)
(/usr/local/texlive/2023/texmf-dist/tex/latex/auxhook/auxhook.sty
Package: auxhook 2019-12-17 v1.6 Hooks for auxiliary files (HO)
)
(/usr/local/texlive/2023/texmf-dist/tex/latex/hyperref/nameref.sty
Package: nameref 2022-05-17 v2.50 Cross-referencing by name of section

(/usr/local/texlive/2023/texmf-dist/tex/latex/refcount/refcount.sty
Package: refcount 2019/12/15 v3.6 Data extraction from label references (HO)
)
(/usr/local/texlive/2023/texmf-dist/tex/generic/gettitlestring/gettitlestring.s
ty
Package: gettitlestring 2019/12/15 v1.6 Cleanup title references (HO)
 (/usr/local/texlive/2023/texmf-dist/tex/latex/kvoptions/kvoptions.sty
Package: kvoptions 2022-06-15 v3.15 Key value format for package options (HO)
))
\c@section@level=\count299
)
\@linkdim=\dimen269
\Hy@linkcounter=\count300
\Hy@pagecounter=\count301

(/usr/local/texlive/2023/texmf-dist/tex/latex/hyperref/pd1enc.def
File: pd1enc.def 2023-02-07 v7.00v Hyperref: PDFDocEncoding definition (HO)
Now handling font encoding PD1 ...
... no UTF-8 mapping file for font encoding PD1
)
(/usr/local/texlive/2023/texmf-dist/tex/generic/intcalc/intcalc.sty
Package: intcalc 2019/12/15 v1.3 Expandable calculations with integers (HO)
)
(/usr/local/texlive/2023/texmf-dist/tex/generic/etexcmds/etexcmds.sty
Package: etexcmds 2019/12/15 v1.7 Avoid name clashes with e-TeX commands (HO)
)
\Hy@SavedSpaceFactor=\count302

(/usr/local/texlive/2023/texmf-dist/tex/latex/hyperref/puenc.def
File: puenc.def 2023-02-07 v7.00v Hyperref: PDF Unicode definition (HO)
Now handling font encoding PU ...
... no UTF-8 mapping file for font encoding PU
)
Package hyperref Info: Option `bookmarks' set `true' on input line 4060.
Package hyperref Info: Option `bookmarksopen' set `true' on input line 4060.
Package hyperref Info: Option `implicit' set `false' on input line 4060.
Package hyperref Info: Hyper figures OFF on input line 4177.
Package hyperref Info: Link nesting OFF on input line 4182.
Package hyperref Info: Hyper index ON on input line 4185.
Package hyperref Info: Plain pages OFF on input line 4192.
Package hyperref Info: Backreferencing OFF on input line 4197.
Package hyperref Info: Implicit mode OFF; no redefinition of LaTeX internals.
Package hyperref Info: Bookmarks ON on input line 4425.
\c@Hy@tempcnt=\count303

(/usr/local/texlive/2023/texmf-dist/tex/latex/url/url.sty
\Urlmuskip=\muskip16
Package: url 2013/09/16  ver 3.4  Verb mode for urls, etc.
)
LaTeX Info: Redefining \url on input line 4763.
\XeTeXLinkMargin=\dimen270

(/usr/local/texlive/2023/texmf-dist/tex/generic/bitset/bitset.sty
Package: bitset 2019/12/09 v1.3 Handle bit-vector datatype (HO)

(/usr/local/texlive/2023/texmf-dist/tex/generic/bigintcalc/bigintcalc.sty
Package: bigintcalc 2019/12/15 v1.5 Expandable calculations on big integers (HO
)
))
\Fld@menulength=\count304
\Field@Width=\dimen271
\Fld@charsize=\dimen272
Package hyperref Info: Hyper figures OFF on input line 6042.
Package hyperref Info: Link nesting OFF on input line 6047.
Package hyperref Info: Hyper index ON on input line 6050.
Package hyperref Info: backreferencing OFF on input line 6057.
Package hyperref Info: Link coloring OFF on input line 6062.
Package hyperref Info: Link coloring with OCG OFF on input line 6067.
Package hyperref Info: PDF/A mode OFF on input line 6072.
\Hy@abspage=\count305


Package hyperref Message: Stopped early.

)
Package hyperref Info: Driver (autodetected): hpdftex.
 (/usr/local/texlive/2023/texmf-dist/tex/latex/hyperref/hpdftex.def
File: hpdftex.def 2023-02-07 v7.00v Hyperref driver for pdfTeX

(/usr/local/texlive/2023/texmf-dist/tex/latex/base/atveryend-ltx.sty
Package: atveryend-ltx 2020/08/19 v1.0a Emulation of the original atveryend pac
kage
with kernel methods
)
\Fld@listcount=\count306
\c@bookmark@seq@number=\count307

(/usr/local/texlive/2023/texmf-dist/tex/latex/rerunfilecheck/rerunfilecheck.sty
Package: rerunfilecheck 2022-07-10 v1.10 Rerun checks for auxiliary files (HO)

(/usr/local/texlive/2023/texmf-dist/tex/generic/uniquecounter/uniquecounter.sty
Package: uniquecounter 2019/12/15 v1.4 Provide unlimited unique counter (HO)
)
Package uniquecounter Info: New unique counter `rerunfilecheck' on input line 2
85.
)) (/usr/local/texlive/2023/texmf-dist/tex/latex/beamer/beamerbaserequires.sty
(/usr/local/texlive/2023/texmf-dist/tex/latex/beamer/beamerbasecompatibility.st
y) (/usr/local/texlive/2023/texmf-dist/tex/latex/beamer/beamerbasefont.sty
(/usr/local/texlive/2023/texmf-dist/tex/latex/amsfonts/amssymb.sty
Package: amssymb 2013/01/14 v3.01 AMS font symbols

(/usr/local/texlive/2023/texmf-dist/tex/latex/amsfonts/amsfonts.sty
Package: amsfonts 2013/01/14 v3.01 Basic AMSFonts support
\@emptytoks=\toks30
\symAMSa=\mathgroup4
\symAMSb=\mathgroup5
LaTeX Font Info:    Redeclaring math symbol \hbar on input line 98.
LaTeX Font Info:    Overwriting math alphabet `\mathfrak' in version `bold'
(Font)                  U/euf/m/n --> U/euf/b/n on input line 106.
))
(/usr/local/texlive/2023/texmf-dist/tex/latex/sansmathaccent/sansmathaccent.sty
Package: sansmathaccent 2020/01/31
(/usr/local/texlive/2023/texmf-dist/tex/latex/koma-script/scrlfile.sty
Package: scrlfile 2022/10/12 v3.38 KOMA-Script package (file load hooks)

(/usr/local/texlive/2023/texmf-dist/tex/latex/koma-script/scrlfile-hook.sty
Package: scrlfile-hook 2022/10/12 v3.38 KOMA-Script package (using LaTeX hooks)


(/usr/local/texlive/2023/texmf-dist/tex/latex/koma-script/scrlogo.sty
Package: scrlogo 2022/10/12 v3.38 KOMA-Script package (logo)
)))))
(/usr/local/texlive/2023/texmf-dist/tex/latex/beamer/beamerbasetranslator.sty
(/usr/local/texlive/2023/texmf-dist/tex/latex/translator/translator.sty
Package: translator 2021-05-31 v1.12d Easy translation of strings in LaTeX
))
(/usr/local/texlive/2023/texmf-dist/tex/latex/beamer/beamerbasemisc.sty)
(/usr/local/texlive/2023/texmf-dist/tex/latex/beamer/beamerbasetwoscreens.sty)
(/usr/local/texlive/2023/texmf-dist/tex/latex/beamer/beamerbaseoverlay.sty
\beamer@argscount=\count308
\beamer@lastskipcover=\skip54
\beamer@trivlistdepth=\count309
)
(/usr/local/texlive/2023/texmf-dist/tex/latex/beamer/beamerbasetitle.sty)
(/usr/local/texlive/2023/texmf-dist/tex/latex/beamer/beamerbasesection.sty
\c@lecture=\count310
\c@part=\count311
\c@section=\count312
\c@subsection=\count313
\c@subsubsection=\count314
)
(/usr/local/texlive/2023/texmf-dist/tex/latex/beamer/beamerbaseframe.sty
\beamer@framebox=\box68
\beamer@frametitlebox=\box69
\beamer@zoombox=\box70
\beamer@zoomcount=\count315
\beamer@zoomframecount=\count316
\beamer@frametextheight=\dimen273
\c@subsectionslide=\count317
\beamer@frametopskip=\skip55
\beamer@framebottomskip=\skip56
\beamer@frametopskipautobreak=\skip57
\beamer@framebottomskipautobreak=\skip58
\beamer@envbody=\toks31
\framewidth=\dimen274
\c@framenumber=\count318
)
(/usr/local/texlive/2023/texmf-dist/tex/latex/beamer/beamerbaseverbatim.sty
\beamer@verbatimfileout=\write4
)
(/usr/local/texlive/2023/texmf-dist/tex/latex/beamer/beamerbaseframesize.sty
\beamer@splitbox=\box71
\beamer@autobreakcount=\count319
\beamer@autobreaklastheight=\dimen275
\beamer@frametitletoks=\toks32
\beamer@framesubtitletoks=\toks33
)
(/usr/local/texlive/2023/texmf-dist/tex/latex/beamer/beamerbaseframecomponents.
sty
\beamer@footins=\box72
) (/usr/local/texlive/2023/texmf-dist/tex/latex/beamer/beamerbasecolor.sty)
(/usr/local/texlive/2023/texmf-dist/tex/latex/beamer/beamerbasenotes.sty
\beamer@frameboxcopy=\box73
)
(/usr/local/texlive/2023/texmf-dist/tex/latex/beamer/beamerbasetoc.sty)
(/usr/local/texlive/2023/texmf-dist/tex/latex/beamer/beamerbasetemplates.sty
\beamer@sbttoks=\toks34

(/usr/local/texlive/2023/texmf-dist/tex/latex/beamer/beamerbaseauxtemplates.sty
(/usr/local/texlive/2023/texmf-dist/tex/latex/beamer/beamerbaseboxes.sty
\bmb@box=\box74
\bmb@colorbox=\box75
\bmb@boxwidth=\dimen276
\bmb@boxheight=\dimen277
\bmb@prevheight=\dimen278
\bmb@temp=\dimen279
\bmb@dima=\dimen280
\bmb@dimb=\dimen281
\bmb@prevheight=\dimen282
)
\beamer@blockheadheight=\dimen283
))
(/usr/local/texlive/2023/texmf-dist/tex/latex/beamer/beamerbaselocalstructure.s
ty (/usr/local/texlive/2023/texmf-dist/tex/latex/tools/enumerate.sty
Package: enumerate 2015/07/23 v3.00 enumerate extensions (DPC)
\@enLab=\toks35
)
\beamer@bibiconwidth=\skip59
\c@figure=\count320
\c@table=\count321
\abovecaptionskip=\skip60
\belowcaptionskip=\skip61
)
(/usr/local/texlive/2023/texmf-dist/tex/latex/beamer/beamerbasenavigation.sty
(/usr/local/texlive/2023/texmf-dist/tex/latex/beamer/beamerbasenavigationsymbol
s.tex)
\beamer@section@min@dim=\dimen284
)
(/usr/local/texlive/2023/texmf-dist/tex/latex/beamer/beamerbasetheorems.sty
(/usr/local/texlive/2023/texmf-dist/tex/latex/amsmath/amsmath.sty
Package: amsmath 2022/04/08 v2.17n AMS math features
\@mathmargin=\skip62

For additional information on amsmath, use the `?' option.
(/usr/local/texlive/2023/texmf-dist/tex/latex/amsmath/amstext.sty
Package: amstext 2021/08/26 v2.01 AMS text

(/usr/local/texlive/2023/texmf-dist/tex/latex/amsmath/amsgen.sty
File: amsgen.sty 1999/11/30 v2.0 generic functions
\@emptytoks=\toks36
\ex@=\dimen285
))
(/usr/local/texlive/2023/texmf-dist/tex/latex/amsmath/amsbsy.sty
Package: amsbsy 1999/11/29 v1.2d Bold Symbols
\pmbraise@=\dimen286
)
(/usr/local/texlive/2023/texmf-dist/tex/latex/amsmath/amsopn.sty
Package: amsopn 2022/04/08 v2.04 operator names
)
\inf@bad=\count322
LaTeX Info: Redefining \frac on input line 234.
\uproot@=\count323
\leftroot@=\count324
LaTeX Info: Redefining \overline on input line 399.
LaTeX Info: Redefining \colon on input line 410.
\classnum@=\count325
\DOTSCASE@=\count326
LaTeX Info: Redefining \ldots on input line 496.
LaTeX Info: Redefining \dots on input line 499.
LaTeX Info: Redefining \cdots on input line 620.
\Mathstrutbox@=\box76
\strutbox@=\box77
LaTeX Info: Redefining \big on input line 722.
LaTeX Info: Redefining \Big on input line 723.
LaTeX Info: Redefining \bigg on input line 724.
LaTeX Info: Redefining \Bigg on input line 725.
\big@size=\dimen287
LaTeX Font Info:    Redeclaring font encoding OML on input line 743.
LaTeX Font Info:    Redeclaring font encoding OMS on input line 744.
\macc@depth=\count327
LaTeX Info: Redefining \bmod on input line 905.
LaTeX Info: Redefining \pmod on input line 910.
LaTeX Info: Redefining \smash on input line 940.
LaTeX Info: Redefining \relbar on input line 970.
LaTeX Info: Redefining \Relbar on input line 971.
\c@MaxMatrixCols=\count328
\dotsspace@=\muskip17
\c@parentequation=\count329
\dspbrk@lvl=\count330
\tag@help=\toks37
\row@=\count331
\column@=\count332
\maxfields@=\count333
\andhelp@=\toks38
\eqnshift@=\dimen288
\alignsep@=\dimen289
\tagshift@=\dimen290
\tagwidth@=\dimen291
\totwidth@=\dimen292
\lineht@=\dimen293
\@envbody=\toks39
\multlinegap=\skip63
\multlinetaggap=\skip64
\mathdisplay@stack=\toks40
LaTeX Info: Redefining \[ on input line 2953.
LaTeX Info: Redefining \] on input line 2954.
)
(/usr/local/texlive/2023/texmf-dist/tex/latex/amscls/amsthm.sty
Package: amsthm 2020/05/29 v2.20.6
\thm@style=\toks41
\thm@bodyfont=\toks42
\thm@headfont=\toks43
\thm@notefont=\toks44
\thm@headpunct=\toks45
\thm@preskip=\skip65
\thm@postskip=\skip66
\thm@headsep=\skip67
\dth@everypar=\toks46
)
\c@theorem=\count334
)
(/usr/local/texlive/2023/texmf-dist/tex/latex/beamer/beamerbasethemes.sty))
(/usr/local/texlive/2023/texmf-dist/tex/latex/beamer/beamerthemedefault.sty
(/usr/local/texlive/2023/texmf-dist/tex/latex/beamer/beamerfontthemedefault.sty
)
(/usr/local/texlive/2023/texmf-dist/tex/latex/beamer/beamercolorthemedefault.st
y)
(/usr/local/texlive/2023/texmf-dist/tex/latex/beamer/beamerinnerthemedefault.st
y
\beamer@dima=\dimen294
\beamer@dimb=\dimen295
)
(/usr/local/texlive/2023/texmf-dist/tex/latex/beamer/beamerouterthemedefault.st
y))) (./preamble.tex
LaTeX Font Info:    Trying to load font information for U+msa on input line 92.


(/usr/local/texlive/2023/texmf-dist/tex/latex/amsfonts/umsa.fd
File: umsa.fd 2013/01/14 v3.01 AMS symbols A
)
LaTeX Font Info:    Trying to load font information for U+msb on input line 92.


(/usr/local/texlive/2023/texmf-dist/tex/latex/amsfonts/umsb.fd
File: umsb.fd 2013/01/14 v3.01 AMS symbols B
)
(/usr/local/texlive/2023/texmf-dist/tex/latex/collectbox/collectbox.sty
Package: collectbox 2022/10/17 v0.4c Collect macro arguments as boxes
\collectedbox=\box78
)
Package hyperref Info: Option `colorlinks' set `true' on input line 141.

(/usr/local/texlive/2023/texmf-dist/tex/latex/setspace/setspace.sty
Package: setspace 2022/12/04 v6.7b set line spacing
)
(/usr/local/texlive/2023/texmf-dist/tex/latex/tools/multicol.sty
Package: multicol 2021/11/30 v1.9d multicolumn formatting (FMi)
\c@tracingmulticols=\count335
\mult@box=\box79
\multicol@leftmargin=\dimen296
\c@unbalance=\count336
\c@collectmore=\count337
\doublecol@number=\count338
\multicoltolerance=\count339
\multicolpretolerance=\count340
\full@width=\dimen297
\page@free=\dimen298
\premulticols=\dimen299
\postmulticols=\dimen300
\multicolsep=\skip68
\multicolbaselineskip=\skip69
\partial@page=\box80
\last@line=\box81
\maxbalancingoverflow=\dimen301
\mult@rightbox=\box82
\mult@grightbox=\box83
\mult@firstbox=\box84
\mult@gfirstbox=\box85
\@tempa=\box86
\@tempa=\box87
\@tempa=\box88
\@tempa=\box89
\@tempa=\box90
\@tempa=\box91
\@tempa=\box92
\@tempa=\box93
\@tempa=\box94
\@tempa=\box95
\@tempa=\box96
\@tempa=\box97
\@tempa=\box98
\@tempa=\box99
\@tempa=\box100
\@tempa=\box101
\@tempa=\box102
\@tempa=\box103
\@tempa=\box104
\@tempa=\box105
\@tempa=\box106
\@tempa=\box107
\@tempa=\box108
\@tempa=\box109
\@tempa=\box110
\@tempa=\box111
\@tempa=\box112
\@tempa=\box113
\@tempa=\box114
\@tempa=\box115
\@tempa=\box116
\@tempa=\box117
\@tempa=\box118
\@tempa=\box119
\@tempa=\box120
\@tempa=\box121
\c@minrows=\count341
\c@columnbadness=\count342
\c@finalcolumnbadness=\count343
\last@try=\dimen302
\multicolovershoot=\dimen303
\multicolundershoot=\dimen304
\mult@nat@firstbox=\box122
\colbreak@box=\box123
\mc@col@check@num=\count344
)
(/usr/local/texlive/2023/texmf-dist/tex/latex/beamer/beamerfontthemeprofessiona
lfonts.sty) (/usr/local/texlive/2023/texmf-dist/tex/latex/roboto/roboto.sty
Package: roboto 2022/09/10 (Bob Tennent) Supports Roboto fonts for all LaTeX en
gines.

(/usr/local/texlive/2023/texmf-dist/tex/generic/iftex/ifxetex.sty
Package: ifxetex 2019/10/25 v0.7 ifxetex legacy package. Use iftex instead.
)
(/usr/local/texlive/2023/texmf-dist/tex/generic/iftex/ifluatex.sty
Package: ifluatex 2019/10/25 v1.5 ifluatex legacy package. Use iftex instead.
)
(/usr/local/texlive/2023/texmf-dist/tex/latex/xkeyval/xkeyval.sty
Package: xkeyval 2022/06/16 v2.9 package option processing (HA)

(/usr/local/texlive/2023/texmf-dist/tex/generic/xkeyval/xkeyval.tex
(/usr/local/texlive/2023/texmf-dist/tex/generic/xkeyval/xkvutils.tex
\XKV@toks=\toks47
\XKV@tempa@toks=\toks48
)
\XKV@depth=\count345
File: xkeyval.tex 2014/12/03 v2.7a key=value parser (HA)
))
(/usr/local/texlive/2023/texmf-dist/tex/latex/base/textcomp.sty
Package: textcomp 2020/02/02 v2.0n Standard LaTeX package
)
(/usr/local/texlive/2023/texmf-dist/tex/latex/base/fontenc.sty
Package: fontenc 2021/04/29 v2.0v Standard LaTeX package


LaTeX Font Warning: Font shape `OT1/cmss/l/n' undefined
(Font)              using `OT1/cmss/m/n' instead on input line 112.

) (/usr/local/texlive/2023/texmf-dist/tex/latex/fontaxes/fontaxes.sty
Package: fontaxes 2020/07/21 v1.0e Font selection axes
LaTeX Info: Redefining \upshape on input line 29.
LaTeX Info: Redefining \itshape on input line 31.
LaTeX Info: Redefining \slshape on input line 33.
LaTeX Info: Redefining \swshape on input line 35.
LaTeX Info: Redefining \scshape on input line 37.
LaTeX Info: Redefining \sscshape on input line 39.
LaTeX Info: Redefining \ulcshape on input line 41.
LaTeX Info: Redefining \textsw on input line 47.
LaTeX Info: Redefining \textssc on input line 48.
LaTeX Info: Redefining \textulc on input line 49.
))
(/usr/local/texlive/2023/texmf-dist/tex/latex/microtype/microtype.sty
Package: microtype 2023/03/13 v3.1a Micro-typographical refinements (RS)
\MT@toks=\toks49
\MT@tempbox=\box124
\MT@count=\count346
LaTeX Info: Redefining \noprotrusionifhmode on input line 1059.
LaTeX Info: Redefining \leftprotrusion on input line 1060.
\MT@prot@toks=\toks50
LaTeX Info: Redefining \rightprotrusion on input line 1078.
LaTeX Info: Redefining \textls on input line 1368.
\MT@outer@kern=\dimen305
LaTeX Info: Redefining \textmicrotypecontext on input line 1988.
\MT@listname@count=\count347

(/usr/local/texlive/2023/texmf-dist/tex/latex/microtype/microtype-pdftex.def
File: microtype-pdftex.def 2023/03/13 v3.1a Definitions specific to pdftex (RS)

LaTeX Info: Redefining \lsstyle on input line 902.
LaTeX Info: Redefining \lslig on input line 902.
\MT@outer@space=\skip70
)
Package microtype Info: Loading configuration file microtype.cfg.

(/usr/local/texlive/2023/texmf-dist/tex/latex/microtype/microtype.cfg
File: microtype.cfg 2023/03/13 v3.1a microtype main configuration file (RS)
))
(/usr/local/texlive/2023/texmf-dist/tex/latex/adjustbox/adjustbox.sty
Package: adjustbox 2022/10/17 v1.3a Adjusting TeX boxes (trim, clip, ...)

(/usr/local/texlive/2023/texmf-dist/tex/latex/adjustbox/adjcalc.sty
Package: adjcalc 2012/05/16 v1.1 Provides advanced setlength with multiple back
-ends (calc, etex, pgfmath)
)
(/usr/local/texlive/2023/texmf-dist/tex/latex/adjustbox/trimclip.sty
Package: trimclip 2020/08/19 v1.2 Trim and clip general TeX material
\tc@llx=\dimen306
\tc@lly=\dimen307
\tc@urx=\dimen308
\tc@ury=\dimen309
Package trimclip Info: Using driver 'tc-pdftex.def'.

(/usr/local/texlive/2023/texmf-dist/tex/latex/adjustbox/tc-pdftex.def
File: tc-pdftex.def 2019/01/04 v2.2 Clipping driver for pdftex
))
\adjbox@Width=\dimen310
\adjbox@Height=\dimen311
\adjbox@Depth=\dimen312
\adjbox@Totalheight=\dimen313
\adjbox@pwidth=\dimen314
\adjbox@pheight=\dimen315
\adjbox@pdepth=\dimen316
\adjbox@ptotalheight=\dimen317

(/usr/local/texlive/2023/texmf-dist/tex/latex/ifoddpage/ifoddpage.sty
Package: ifoddpage 2022/10/18 v1.2 Conditionals for odd/even page detection
\c@checkoddpage=\count348
)
(/usr/local/texlive/2023/texmf-dist/tex/latex/varwidth/varwidth.sty
Package: varwidth 2009/03/30 ver 0.92;  Variable-width minipages
\@vwid@box=\box125
\sift@deathcycles=\count349
\@vwid@loff=\dimen318
\@vwid@roff=\dimen319
))
(/usr/local/texlive/2023/texmf-dist/tex/latex/threeparttable/threeparttable.sty
Package: threeparttable 2003/06/13  v 3.0
\@tempboxb=\box126
) (/usr/local/texlive/2023/texmf-dist/tex/latex/booktabs/booktabs.sty
Package: booktabs 2020/01/12 v1.61803398 Publication quality tables
\heavyrulewidth=\dimen320
\lightrulewidth=\dimen321
\cmidrulewidth=\dimen322
\belowrulesep=\dimen323
\belowbottomsep=\dimen324
\aboverulesep=\dimen325
\abovetopsep=\dimen326
\cmidrulesep=\dimen327
\cmidrulekern=\dimen328
\defaultaddspace=\dimen329
\@cmidla=\count350
\@cmidlb=\count351
\@aboverulesep=\dimen330
\@belowrulesep=\dimen331
\@thisruleclass=\count352
\@lastruleclass=\count353
\@thisrulewidth=\dimen332
)
(/usr/local/texlive/2023/texmf-dist/tex/latex/tools/tabularx.sty
Package: tabularx 2020/01/15 v2.11c `tabularx' package (DPC)
\TX@col@width=\dimen333
\TX@old@table=\dimen334
\TX@old@col=\dimen335
\TX@target=\dimen336
\TX@delta=\dimen337
\TX@cols=\count354
\TX@ftn=\toks51
)
(/usr/local/texlive/2023/texmf-dist/tex/latex/subfigure/subfigure.sty
Package: subfigure 2002/03/15 v2.1.5 subfigure package
\subfigtopskip=\skip71
\subfigcapskip=\skip72
\subfigcaptopadj=\dimen338
\subfigbottomskip=\skip73
\subfigcapmargin=\dimen339
\subfiglabelskip=\skip74
\c@subfigure=\count355
\c@lofdepth=\count356
\c@subtable=\count357
\c@lotdepth=\count358

****************************************
* Local config file subfigure.cfg used *
****************************************
(/usr/local/texlive/2023/texmf-dist/tex/latex/subfigure/subfigure.cfg)
\subfig@top=\skip75
\subfig@bottom=\skip76
)
(/usr/local/texlive/2023/texmf-dist/tex/latex/hf-tikz/hf-tikz.sty
Package: hf-tikz 2014/07/25 v0.3a A simple way to highlight formulas and formul
a parts.

(/usr/local/texlive/2023/texmf-dist/tex/latex/pgf/frontendlayer/tikz.sty
(/usr/local/texlive/2023/texmf-dist/tex/latex/pgf/basiclayer/pgf.sty
Package: pgf 2023-01-15 v3.1.10 (3.1.10)

(/usr/local/texlive/2023/texmf-dist/tex/generic/pgf/modules/pgfmoduleshapes.cod
e.tex
File: pgfmoduleshapes.code.tex 2023-01-15 v3.1.10 (3.1.10)
\pgfnodeparttextbox=\box127
)
(/usr/local/texlive/2023/texmf-dist/tex/generic/pgf/modules/pgfmoduleplot.code.
tex
File: pgfmoduleplot.code.tex 2023-01-15 v3.1.10 (3.1.10)
)
(/usr/local/texlive/2023/texmf-dist/tex/latex/pgf/compatibility/pgfcomp-version
-0-65.sty
Package: pgfcomp-version-0-65 2023-01-15 v3.1.10 (3.1.10)
\pgf@nodesepstart=\dimen340
\pgf@nodesepend=\dimen341
)
(/usr/local/texlive/2023/texmf-dist/tex/latex/pgf/compatibility/pgfcomp-version
-1-18.sty
Package: pgfcomp-version-1-18 2023-01-15 v3.1.10 (3.1.10)
))
(/usr/local/texlive/2023/texmf-dist/tex/latex/pgf/utilities/pgffor.sty
(/usr/local/texlive/2023/texmf-dist/tex/generic/pgf/utilities/pgffor.code.tex
Package: pgffor 2023-01-15 v3.1.10 (3.1.10)
\pgffor@iter=\dimen342
\pgffor@skip=\dimen343
\pgffor@stack=\toks52
\pgffor@toks=\toks53
))
(/usr/local/texlive/2023/texmf-dist/tex/generic/pgf/frontendlayer/tikz/tikz.cod
e.tex
Package: tikz 2023-01-15 v3.1.10 (3.1.10)

(/usr/local/texlive/2023/texmf-dist/tex/generic/pgf/libraries/pgflibraryplothan
dlers.code.tex
File: pgflibraryplothandlers.code.tex 2023-01-15 v3.1.10 (3.1.10)
\pgf@plot@mark@count=\count359
\pgfplotmarksize=\dimen344
)
\tikz@lastx=\dimen345
\tikz@lasty=\dimen346
\tikz@lastxsaved=\dimen347
\tikz@lastysaved=\dimen348
\tikz@lastmovetox=\dimen349
\tikz@lastmovetoy=\dimen350
\tikzleveldistance=\dimen351
\tikzsiblingdistance=\dimen352
\tikz@figbox=\box128
\tikz@figbox@bg=\box129
\tikz@tempbox=\box130
\tikz@tempbox@bg=\box131
\tikztreelevel=\count360
\tikznumberofchildren=\count361
\tikznumberofcurrentchild=\count362
\tikz@fig@count=\count363

(/usr/local/texlive/2023/texmf-dist/tex/generic/pgf/modules/pgfmodulematrix.cod
e.tex
File: pgfmodulematrix.code.tex 2023-01-15 v3.1.10 (3.1.10)
\pgfmatrixcurrentrow=\count364
\pgfmatrixcurrentcolumn=\count365
\pgf@matrix@numberofcolumns=\count366
)
\tikz@expandcount=\count367

(/usr/local/texlive/2023/texmf-dist/tex/generic/pgf/frontendlayer/tikz/librarie
s/tikzlibrarytopaths.code.tex
File: tikzlibrarytopaths.code.tex 2023-01-15 v3.1.10 (3.1.10)
)))
(/usr/local/texlive/2023/texmf-dist/tex/generic/pgf/frontendlayer/tikz/librarie
s/tikzlibraryshadings.code.tex
File: tikzlibraryshadings.code.tex 2023-01-15 v3.1.10 (3.1.10)

(/usr/local/texlive/2023/texmf-dist/tex/generic/pgf/libraries/pgflibraryshading
s.code.tex
File: pgflibraryshadings.code.tex 2023-01-15 v3.1.10 (3.1.10)
))
(/usr/local/texlive/2023/texmf-dist/tex/latex/l3packages/xparse/xparse.sty
(/usr/local/texlive/2023/texmf-dist/tex/latex/l3kernel/expl3.sty
Package: expl3 2023-02-22 L3 programming layer (loader) 

(/usr/local/texlive/2023/texmf-dist/tex/latex/l3backend/l3backend-pdftex.def
File: l3backend-pdftex.def 2023-01-16 L3 backend support: PDF output (pdfTeX)
\l__color_backend_stack_int=\count368
\l__pdf_internal_box=\box132
))
Package: xparse 2023-02-02 L3 Experimental document command parser
)
\c@jumping=\count369
)
(/usr/local/texlive/2023/texmf-dist/tex/generic/pgf/frontendlayer/tikz/librarie
s/tikzlibrarycalc.code.tex
File: tikzlibrarycalc.code.tex 2023-01-15 v3.1.10 (3.1.10)
)
(/usr/local/texlive/2023/texmf-dist/tex/generic/pgf/frontendlayer/tikz/librarie
s/tikzlibraryfit.code.tex
File: tikzlibraryfit.code.tex 2023-01-15 v3.1.10 (3.1.10)
)
(/usr/local/texlive/2023/texmf-dist/tex/generic/pgf/frontendlayer/tikz/librarie
s/tikzlibraryshadows.code.tex
File: tikzlibraryshadows.code.tex 2023-01-15 v3.1.10 (3.1.10)

(/usr/local/texlive/2023/texmf-dist/tex/generic/pgf/frontendlayer/tikz/librarie
s/tikzlibraryfadings.code.tex
File: tikzlibraryfadings.code.tex 2023-01-15 v3.1.10 (3.1.10)

(/usr/local/texlive/2023/texmf-dist/tex/generic/pgf/libraries/pgflibraryfadings
.code.tex
File: pgflibraryfadings.code.tex 2023-01-15 v3.1.10 (3.1.10)
)))
(/usr/local/texlive/2023/texmf-dist/tex/generic/pgf/frontendlayer/tikz/librarie
s/tikzlibraryarrows.code.tex
File: tikzlibraryarrows.code.tex 2023-01-15 v3.1.10 (3.1.10)

(/usr/local/texlive/2023/texmf-dist/tex/generic/pgf/libraries/pgflibraryarrows.
code.tex
File: pgflibraryarrows.code.tex 2023-01-15 v3.1.10 (3.1.10)
\arrowsize=\dimen353
))
(/usr/local/texlive/2023/texmf-dist/tex/generic/pgf/libraries/pgflibraryarrows.
meta.code.tex
File: pgflibraryarrows.meta.code.tex 2023-01-15 v3.1.10 (3.1.10)
\pgfarrowinset=\dimen354
\pgfarrowlength=\dimen355
\pgfarrowwidth=\dimen356
\pgfarrowlinewidth=\dimen357
)
(/usr/local/texlive/2023/texmf-dist/tex/generic/pgf/frontendlayer/tikz/librarie
s/tikzlibraryshapes.misc.code.tex
File: tikzlibraryshapes.misc.code.tex 2023-01-15 v3.1.10 (3.1.10)

(/usr/local/texlive/2023/texmf-dist/tex/generic/pgf/libraries/shapes/pgflibrary
shapes.misc.code.tex
File: pgflibraryshapes.misc.code.tex 2023-01-15 v3.1.10 (3.1.10)
))
(/usr/local/texlive/2023/texmf-dist/tex/generic/pgf/frontendlayer/tikz/librarie
s/tikzlibraryshapes.code.tex
File: tikzlibraryshapes.code.tex 2023-01-15 v3.1.10 (3.1.10)

(/usr/local/texlive/2023/texmf-dist/tex/generic/pgf/frontendlayer/tikz/librarie
s/tikzlibraryshapes.geometric.code.tex
File: tikzlibraryshapes.geometric.code.tex 2023-01-15 v3.1.10 (3.1.10)

(/usr/local/texlive/2023/texmf-dist/tex/generic/pgf/libraries/shapes/pgflibrary
shapes.geometric.code.tex
File: pgflibraryshapes.geometric.code.tex 2023-01-15 v3.1.10 (3.1.10)
))
(/usr/local/texlive/2023/texmf-dist/tex/generic/pgf/frontendlayer/tikz/librarie
s/tikzlibraryshapes.symbols.code.tex
File: tikzlibraryshapes.symbols.code.tex 2023-01-15 v3.1.10 (3.1.10)

(/usr/local/texlive/2023/texmf-dist/tex/generic/pgf/libraries/shapes/pgflibrary
shapes.symbols.code.tex
File: pgflibraryshapes.symbols.code.tex 2023-01-15 v3.1.10 (3.1.10)
))
(/usr/local/texlive/2023/texmf-dist/tex/generic/pgf/frontendlayer/tikz/librarie
s/tikzlibraryshapes.arrows.code.tex
File: tikzlibraryshapes.arrows.code.tex 2023-01-15 v3.1.10 (3.1.10)

(/usr/local/texlive/2023/texmf-dist/tex/generic/pgf/libraries/shapes/pgflibrary
shapes.arrows.code.tex
File: pgflibraryshapes.arrows.code.tex 2023-01-15 v3.1.10 (3.1.10)
))
(/usr/local/texlive/2023/texmf-dist/tex/generic/pgf/frontendlayer/tikz/librarie
s/tikzlibraryshapes.callouts.code.tex
(/usr/local/texlive/2023/texmf-dist/tex/generic/pgf/libraries/shapes/pgflibrary
shapes.callouts.code.tex))
(/usr/local/texlive/2023/texmf-dist/tex/generic/pgf/frontendlayer/tikz/librarie
s/tikzlibraryshapes.multipart.code.tex
File: tikzlibraryshapes.multipart.code.tex 2023-01-15 v3.1.10 (3.1.10)

(/usr/local/texlive/2023/texmf-dist/tex/generic/pgf/libraries/shapes/pgflibrary
shapes.multipart.code.tex
File: pgflibraryshapes.multipart.code.tex 2023-01-15 v3.1.10 (3.1.10)
\pgfnodepartlowerbox=\box133
\pgfnodeparttwobox=\box134
\pgfnodepartthreebox=\box135
\pgfnodepartfourbox=\box136
\pgfnodeparttwentybox=\box137
\pgfnodepartnineteenbox=\box138
\pgfnodeparteighteenbox=\box139
\pgfnodepartseventeenbox=\box140
\pgfnodepartsixteenbox=\box141
\pgfnodepartfifteenbox=\box142
\pgfnodepartfourteenbox=\box143
\pgfnodepartthirteenbox=\box144
\pgfnodeparttwelvebox=\box145
\pgfnodepartelevenbox=\box146
\pgfnodeparttenbox=\box147
\pgfnodepartninebox=\box148
\pgfnodeparteightbox=\box149
\pgfnodepartsevenbox=\box150
\pgfnodepartsixbox=\box151
\pgfnodepartfivebox=\box152
)))
(/usr/local/texlive/2023/texmf-dist/tex/generic/pgf/frontendlayer/tikz/librarie
s/tikzlibrarydecorations.code.tex
(/usr/local/texlive/2023/texmf-dist/tex/generic/pgf/modules/pgfmoduledecoration
s.code.tex
\pgfdecoratedcompleteddistance=\dimen358
\pgfdecoratedremainingdistance=\dimen359
\pgfdecoratedinputsegmentcompleteddistance=\dimen360
\pgfdecoratedinputsegmentremainingdistance=\dimen361
\pgf@decorate@distancetomove=\dimen362
\pgf@decorate@repeatstate=\count370
\pgfdecorationsegmentamplitude=\dimen363
\pgfdecorationsegmentlength=\dimen364
)
\tikz@lib@dec@box=\box153
)
(/usr/local/texlive/2023/texmf-dist/tex/generic/pgf/frontendlayer/tikz/librarie
s/tikzlibrarydecorations.pathreplacing.code.tex
(/usr/local/texlive/2023/texmf-dist/tex/generic/pgf/libraries/decorations/pgfli
brarydecorations.pathreplacing.code.tex))
(/usr/local/texlive/2023/texmf-dist/tex/generic/pgf/frontendlayer/tikz/librarie
s/tikzlibrarypositioning.code.tex
File: tikzlibrarypositioning.code.tex 2023-01-15 v3.1.10 (3.1.10)
)
(/usr/local/texlive/2023/texmf-dist/tex/latex/tcolorbox/tcolorbox.sty
Package: tcolorbox 2023/02/12 version 6.0.1 text color boxes

(/usr/local/texlive/2023/texmf-dist/tex/latex/tools/verbatim.sty
Package: verbatim 2022-07-02 v1.5u LaTeX2e package for verbatim enhancements
\every@verbatim=\toks54
\verbatim@line=\toks55
\verbatim@in@stream=\read3
)
(/usr/local/texlive/2023/texmf-dist/tex/latex/environ/environ.sty
Package: environ 2014/05/04 v0.3 A new way to define environments

(/usr/local/texlive/2023/texmf-dist/tex/latex/trimspaces/trimspaces.sty
Package: trimspaces 2009/09/17 v1.1 Trim spaces around a token list
))
\tcb@titlebox=\box154
\tcb@upperbox=\box155
\tcb@lowerbox=\box156
\tcb@phantombox=\box157
\c@tcbbreakpart=\count371
\c@tcblayer=\count372
\c@tcolorbox@number=\count373
\tcb@temp=\box158
\tcb@temp=\box159
\tcb@temp=\box160
\tcb@temp=\box161

(/usr/local/texlive/2023/texmf-dist/tex/latex/tcolorbox/tcbraster.code.tex
Library (tcolorbox): 'tcbraster.code.tex' version '6.0.1'
\c@tcbrastercolumn=\count374
\c@tcbrasterrow=\count375
\c@tcbrasternum=\count376
\c@tcbraster=\count377
) (/usr/local/texlive/2023/texmf-dist/tex/latex/tcolorbox/tcbskins.code.tex
Library (tcolorbox): 'tcbskins.code.tex' version '6.0.1'
(/usr/local/texlive/2023/texmf-dist/tex/latex/tikzfill/tikzfill.image.sty
Package: tikzfill.image 2022/07/20 v1.0.0 Image filling library for TikZ

(/usr/local/texlive/2023/texmf-dist/tex/latex/tikzfill/tikzfill-common.sty
Package: tikzfill-common 2022/07/20 v1.0.0 Auxiliary code for tikzfill
)
(/usr/local/texlive/2023/texmf-dist/tex/latex/tikzfill/tikzlibraryfill.image.co
de.tex
File: tikzlibraryfill.image.code.tex 2022/07/20 v1.0.0 Image filling library
\l__tikzfill_img_box=\box162
))
(/usr/local/texlive/2023/texmf-dist/tex/latex/tcolorbox/tcbskinsjigsaw.code.tex
Library (tcolorbox): 'tcbskinsjigsaw.code.tex' version '6.0.1'
))
(/usr/local/texlive/2023/texmf-dist/tex/latex/tcolorbox/tcbbreakable.code.tex
Library (tcolorbox): 'tcbbreakable.code.tex' version '6.0.1'
(/usr/local/texlive/2023/texmf-dist/tex/latex/pdfcol/pdfcol.sty
Package: pdfcol 2022-09-21 v1.7 Handle new color stacks for pdfTeX (HO)
)
Package pdfcol Info: New color stack `tcb@breakable' = 1 on input line 23.
\tcb@testbox=\box163
\tcb@totalupperbox=\box164
\tcb@totallowerbox=\box165
)
(/usr/local/texlive/2023/texmf-dist/tex/latex/tcolorbox/tcbhooks.code.tex
Library (tcolorbox): 'tcbhooks.code.tex' version '6.0.1'
) (/usr/local/texlive/2023/texmf-dist/tex/latex/tcolorbox/tcbtheorems.code.tex
Library (tcolorbox): 'tcbtheorems.code.tex' version '6.0.1'
) (/usr/local/texlive/2023/texmf-dist/tex/latex/tcolorbox/tcbfitting.code.tex
Library (tcolorbox): 'tcbfitting.code.tex' version '6.0.1'
\tcbfitdim=\dimen365
\tcb@lowerfitdim=\dimen366
\tcb@upperfitdim=\dimen367
\tcb@cur@hbadness=\count378
)
(/usr/local/texlive/2023/texmf-dist/tex/latex/tcolorbox/tcblistingsutf8.code.te
x
Library (tcolorbox): 'tcblistingsutf8.code.tex' version '6.0.1'
(/usr/local/texlive/2023/texmf-dist/tex/latex/tcolorbox/tcblistings.code.tex
Library (tcolorbox): 'tcblistings.code.tex' version '6.0.1'
(/usr/local/texlive/2023/texmf-dist/tex/latex/listings/listings.sty
\lst@mode=\count379
\lst@gtempboxa=\box166
\lst@token=\toks56
\lst@length=\count380
\lst@currlwidth=\dimen368
\lst@column=\count381
\lst@pos=\count382
\lst@lostspace=\dimen369
\lst@width=\dimen370
\lst@newlines=\count383
\lst@lineno=\count384
\lst@maxwidth=\dimen371

(/usr/local/texlive/2023/texmf-dist/tex/latex/listings/lstmisc.sty
File: lstmisc.sty 2023/02/27 1.9 (Carsten Heinz)
\c@lstnumber=\count385
\lst@skipnumbers=\count386
\lst@framebox=\box167
)
(/usr/local/texlive/2023/texmf-dist/tex/latex/listings/listings.cfg
File: listings.cfg 2023/02/27 1.9 listings configuration
))
Package: listings 2023/02/27 1.9 (Carsten Heinz)

(/usr/local/texlive/2023/texmf-dist/tex/latex/tcolorbox/tcblistingscore.code.te
x
Library (tcolorbox): 'tcblistingscore.code.tex' version '6.0.1'
(/usr/local/texlive/2023/texmf-dist/tex/latex/tcolorbox/tcbprocessing.code.tex
Library (tcolorbox): 'tcbprocessing.code.tex' version '6.0.1'
(/usr/local/texlive/2023/texmf-dist/tex/latex/tools/shellesc.sty
Package: shellesc 2019/11/08 v1.0c unified shell escape interface for LaTeX
Package shellesc Info: Restricted shell escape enabled on input line 77.
))
\c@tcblisting=\count387
))
(/usr/local/texlive/2023/texmf-dist/tex/latex/listingsutf8/listingsutf8.sty
Package: listingsutf8 2019-12-10 v1.5 Allow UTF-8 in listings input (HO)

(/usr/local/texlive/2023/texmf-dist/tex/generic/stringenc/stringenc.sty
Package: stringenc 2019/11/29 v1.12 Convert strings between diff. encodings (HO
)
)))
(/usr/local/texlive/2023/texmf-dist/tex/latex/tcolorbox/tcbexternal.code.tex
Library (tcolorbox): 'tcbexternal.code.tex' version '6.0.1'
) (/usr/local/texlive/2023/texmf-dist/tex/latex/tcolorbox/tcbmagazine.code.tex
Library (tcolorbox): 'tcbmagazine.code.tex' version '6.0.1'
) (/usr/local/texlive/2023/texmf-dist/tex/latex/tcolorbox/tcbvignette.code.tex
Library (tcolorbox): 'tcbvignette.code.tex' version '6.0.1'
) (/usr/local/texlive/2023/texmf-dist/tex/latex/tcolorbox/tcbposter.code.tex
Library (tcolorbox): 'tcbposter.code.tex' version '6.0.1'
))) (/usr/local/texlive/2023/texmf-dist/tex/latex/breqn/breqn.sty
Package: breqn 2021/10/28 v0.98l Breaking equations

(/usr/local/texlive/2023/texmf-dist/tex/latex/breqn/flexisym.sty
Package: flexisym 2021/10/28 v0.98l Make math characters macros
LaTeX Info: Redefining \textprime on input line 299.
LaTeX Info: Redefining \not on input line 357.

(/usr/local/texlive/2023/texmf-dist/tex/latex/breqn/cmbase.sym
File: cmbase.sym 2007/12/19 v0.92
LaTeX Info: Redefining \hbar on input line 324.
LaTeX Info: Redefining \surd on input line 326.
LaTeX Info: Redefining \angle on input line 334.
LaTeX Info: Redefining \neq on input line 335.
LaTeX Info: Redefining \mapsto on input line 336.
LaTeX Info: Redefining \cong on input line 337.
LaTeX Info: Redefining \notin on input line 340.
LaTeX Info: Redefining \rightleftharpoons on input line 341.
LaTeX Info: Redefining \doteq on input line 342.
LaTeX Info: Redefining \hookrightarrow on input line 343.
LaTeX Info: Redefining \hookleftarrow on input line 344.
LaTeX Info: Redefining \bowtie on input line 345.
LaTeX Info: Redefining \models on input line 346.
LaTeX Info: Redefining \Longrightarrow on input line 347.
LaTeX Info: Redefining \longrightarrow on input line 348.
LaTeX Info: Redefining \Longleftarrow on input line 349.
LaTeX Info: Redefining \longleftarrow on input line 350.
LaTeX Info: Redefining \longmapsto on input line 351.
LaTeX Info: Redefining \longleftrightarrow on input line 352.
LaTeX Info: Redefining \Longleftrightarrow on input line 353.
LaTeX Info: Redefining \cdots on input line 357.
LaTeX Info: Redefining \vdots on input line 360.
LaTeX Info: Redefining \ddots on input line 365.
)
(/usr/local/texlive/2023/texmf-dist/tex/latex/breqn/mathstyle.sty
Package: mathstyle 2021/10/28 v0.98l Tracking mathstyle implicitly
LaTeX Info: Redefining \displaystyle on input line 95.
LaTeX Info: Redefining \textstyle on input line 97.
LaTeX Info: Redefining \scriptstyle on input line 99.
LaTeX Info: Redefining \scriptscriptstyle on input line 101.
LaTeX Info: Redefining \genfrac on input line 149.
))
(/usr/local/texlive/2023/texmf-dist/tex/latex/tools/calc.sty
Package: calc 2017/05/25 v4.3 Infix arithmetic (KKT,FJ)
\calc@Acount=\count388
\calc@Bcount=\count389
\calc@Adimen=\dimen372
\calc@Bdimen=\dimen373
\calc@Askip=\skip77
\calc@Bskip=\skip78
LaTeX Info: Redefining \setlength on input line 80.
LaTeX Info: Redefining \addtolength on input line 81.
\calc@Ccount=\count390
\calc@Cskip=\skip79
)
\inf@bad=\count391
\maxint=\count392
\listwidth=\dimen374
\eqnumsep=\dimen375
\eqmargin=\dimen376
\eqlinespacing=\skip80
\eqlineskip=\skip81
\eqlineskiplimit=\dimen377
\eqbinoffset=\muskip18
\eqdelimoffset=\muskip19
\eqindentstep=\dimen378
\eqstyle=\toks57
\eqbreakdepth=\count393
\eqinterlinepenalty=\count394
\intereqpenalty=\count395
\intereqskip=\skip82
\prerelpenalty=\count396
\prebinoppenalty=\count397
\Dmedmuskip=\muskip20
\Dthickmuskip=\muskip21
\eqleftskip=\skip83
\eqrightskip=\skip84
\eq@vspan=\skip85
\eq@binoffset=\muskip22
\EQ@box=\box168
\EQ@copy=\box169
\EQ@numbox=\box170
\eq@wdNum=\dimen379
\GRP@numbox=\box171
\grp@wdNum=\dimen380
\eq@lines=\count398
\eq@curline=\count399
\eq@badness=\count400
\EQ@vims=\count401
\eq@dp=\dimen381
\eq@wdL=\dimen382
\eq@wdT=\dimen383
\eq@wdMin=\dimen384
\grp@wdL=\dimen385
\grp@wdR=\dimen386
\grp@wdT=\dimen387
\eq@wdRmax=\dimen388
\eq@firstht=\dimen389
\eq@wdCond=\dimen390
\eq@indentstep=\dimen391
\eq@linewidth=\dimen392
\grp@linewidth=\dimen393
\eq@hshift=\dimen394
\eq@given@sidespace=\dimen395
\mathindent=\dimen396
\eq@final@linecount=\count402
\eq@wdR=\dimen397
\EQ@continue=\toks58
\lr@level=\count403
\GRP@queue=\toks59
\GRP@box=\box172
\GRP@wholebox=\box173
\darraycolsep=\skip86
\cur@row=\count404
\cur@col=\count405
\conditionsep=\skip87
)
(/usr/local/texlive/2023/texmf-dist/tex/latex/mathtools/mathtools.sty
Package: mathtools 2022/06/29 v1.29 mathematical typesetting tools

(/usr/local/texlive/2023/texmf-dist/tex/latex/mathtools/mhsetup.sty
Package: mhsetup 2021/03/18 v1.4 programming setup (MH)
)
\g_MT_multlinerow_int=\count406
\l_MT_multwidth_dim=\dimen398
\origjot=\skip88
\l_MT_shortvdotswithinadjustabove_dim=\dimen399
\l_MT_shortvdotswithinadjustbelow_dim=\dimen400
\l_MT_above_intertext_sep=\dimen401
\l_MT_below_intertext_sep=\dimen402
\l_MT_above_shortintertext_sep=\dimen403
\l_MT_below_shortintertext_sep=\dimen404
\xmathstrut@box=\box174
\xmathstrut@dim=\dimen405
)
(/usr/local/texlive/2023/texmf-dist/tex/latex/pdfpages/pdfpages.sty
Package: pdfpages 2022/12/19 v0.5x Insert pages of external PDF documents (AM)

(/usr/local/texlive/2023/texmf-dist/tex/latex/base/ifthen.sty
Package: ifthen 2022/04/13 v1.1d Standard LaTeX ifthen package (DPC)
)
(/usr/local/texlive/2023/texmf-dist/tex/latex/eso-pic/eso-pic.sty
Package: eso-pic 2020/10/14 v3.0a eso-pic (RN)
\ESO@tempdima=\dimen406
\ESO@tempdimb=\dimen407
)
\AM@pagewidth=\dimen408
\AM@pageheight=\dimen409
\AM@fboxrule=\dimen410

(/usr/local/texlive/2023/texmf-dist/tex/latex/pdfpages/pppdftex.def
File: pppdftex.def 2022/12/19 v0.5x Pdfpages driver for pdfTeX (AM)
)
\pdfpages@includegraphics@status=\count407
\AM@pagebox=\box175
\AM@global@opts=\toks60
\AM@pagecnt=\count408
\AM@toc@title=\toks61
\AM@lof@heading=\toks62
\c@AM@survey=\count409
\AM@templatesizebox=\box176
)
(/usr/local/texlive/2023/texmf-dist/tex/latex/media9/media9.sty
Package: media9 2022/08/04 v1.25 acrobat-9/X compatible media
\g_mix_pkgresizeflag_int=\count410

(/usr/local/texlive/2023/texmf-dist/tex/latex/media9/pdfbase.sty
Package: pdfbase 2022/08/04 v0.55 driver independent access to low-level PDF fe
atures
\g_pbs_page_int=\count411
\g_pbs_oc_int=\count412
)
(/usr/local/texlive/2023/texmf-dist/tex/latex/ocgx2/ocgbase.sty
Package: ocgbase 2022/08/04 v0.22 support package for ocgx2.sty
\g_ocgbase_nd_int=\count413
)
\l_mix_poster_box=\box177
\g_mix_wd_dim=\dimen411
\g_mix_ht_dim=\dimen412
\g_mix_dp_dim=\dimen413
\g_mix_rmcnt_int=\count414
\l_mix_viewcnt_int=\count415
\g@mix@page@int=\count416
\g_mix_resizeflag_int=\count417
\l_mix_lineno_int=\count418
\l_mix_pbtn_box=\box178
\g_mix_mbtncnt_int=\count419
\mix@btn@dim=\dimen414
)
(/usr/local/texlive/2023/texmf-dist/tex/latex/natbib/natbib.sty
Package: natbib 2010/09/13 8.31b (PWD, AO)
\bibhang=\skip89
\bibsep=\skip90
LaTeX Info: Redefining \cite on input line 694.
\c@NAT@ctr=\count420
)
(/usr/local/texlive/2023/texmf-dist/tex/latex/har2nat/har2nat.sty
Package: har2nat 2005/12/01 1.0 Harvard to natbib

(/usr/local/texlive/2023/texmf-dist/tex/latex/bigfoot/suffix.sty
Package: suffix 2006/07/15 1.5a Variant command support
))
(/usr/local/texlive/2023/texmf-dist/tex/latex/breakcites/breakcites.sty)
(/usr/local/texlive/2023/texmf-dist/tex/latex/base/alltt.sty
Package: alltt 2021/01/29 v2.0g defines alltt environment
)
LaTeX Font Info:    Trying to load font information for OT1+Roboto-LF on input 
line 35.

(/usr/local/texlive/2023/texmf-dist/tex/latex/roboto/OT1Roboto-LF.fd
File: OT1Roboto-LF.fd 2019/12/11 (autoinst) Font definitions for OT1/Roboto-LF.

)
LaTeX Font Info:    Font shape `OT1/Roboto-LF/l/n' aliased to
(Font)              `OT1/Roboto-LF/light/n' on input line 35.
LaTeX Font Info:    Font shape `OT1/Roboto-LF/light/n' will be
(Font)              scaled to size 10.95pt on input line 35.

No file 03-CCA-GxT.aux.
\openout1 = `03-CCA-GxT.aux'.

LaTeX Font Info:    Checking defaults for OML/cmm/m/it on input line 35.
LaTeX Font Info:    ... okay on input line 35.
LaTeX Font Info:    Checking defaults for OMS/cmsy/m/n on input line 35.
LaTeX Font Info:    ... okay on input line 35.
LaTeX Font Info:    Checking defaults for OT1/cmr/m/n on input line 35.
LaTeX Font Info:    ... okay on input line 35.
LaTeX Font Info:    Checking defaults for T1/cmr/m/n on input line 35.
LaTeX Font Info:    ... okay on input line 35.
LaTeX Font Info:    Checking defaults for TS1/cmr/m/n on input line 35.
LaTeX Font Info:    ... okay on input line 35.
LaTeX Font Info:    Checking defaults for OMX/cmex/m/n on input line 35.
LaTeX Font Info:    ... okay on input line 35.
LaTeX Font Info:    Checking defaults for U/cmr/m/n on input line 35.
LaTeX Font Info:    ... okay on input line 35.
LaTeX Font Info:    Checking defaults for PD1/pdf/m/n on input line 35.
LaTeX Font Info:    ... okay on input line 35.
LaTeX Font Info:    Checking defaults for PU/pdf/m/n on input line 35.
LaTeX Font Info:    ... okay on input line 35.
*geometry* driver: auto-detecting
*geometry* detected driver: pdftex
*geometry* verbose mode - [ preamble ] result:
* driver: pdftex
* paper: custom
* layout: <same size as paper>
* layoutoffset:(h,v)=(0.0pt,0.0pt)
* modes: includehead includefoot 
* h-part:(L,W,R)=(15.0pt, 334.19536pt, 15.0pt)
* v-part:(T,H,B)=(0.0pt, 273.14662pt, 0.0pt)
* \paperwidth=364.19536pt
* \paperheight=273.14662pt
* \textwidth=334.19536pt
* \textheight=244.6939pt
* \oddsidemargin=-57.26999pt
* \evensidemargin=-57.26999pt
* \topmargin=-72.26999pt
* \headheight=14.22636pt
* \headsep=0.0pt
* \topskip=11.0pt
* \footskip=14.22636pt
* \marginparwidth=4.0pt
* \marginparsep=10.0pt
* \columnsep=10.0pt
* \skip\footins=10.0pt plus 4.0pt minus 2.0pt
* \hoffset=0.0pt
* \voffset=0.0pt
* \mag=1000
* \@twocolumnfalse
* \@twosidefalse
* \@mparswitchfalse
* \@reversemarginfalse
* (1in=72.27pt=25.4mm, 1cm=28.453pt)

(/usr/local/texlive/2023/texmf-dist/tex/context/base/mkii/supp-pdf.mkii
[Loading MPS to PDF converter (version 2006.09.02).]
\scratchcounter=\count421
\scratchdimen=\dimen415
\scratchbox=\box179
\nofMPsegments=\count422
\nofMParguments=\count423
\everyMPshowfont=\toks63
\MPscratchCnt=\count424
\MPscratchDim=\dimen416
\MPnumerator=\count425
\makeMPintoPDFobject=\count426
\everyMPtoPDFconversion=\toks64
) (/usr/local/texlive/2023/texmf-dist/tex/latex/epstopdf-pkg/epstopdf-base.sty
Package: epstopdf-base 2020-01-24 v2.11 Base part for package epstopdf
Package epstopdf-base Info: Redefining graphics rule for `.eps' on input line 4
85.

(/usr/local/texlive/2023/texmf-dist/tex/latex/latexconfig/epstopdf-sys.cfg
File: epstopdf-sys.cfg 2010/07/13 v1.3 Configuration of (r)epstopdf for TeX Liv
e
))
Package hyperref Info: Link coloring ON on input line 35.
\@outlinefile=\write5
\openout5 = `03-CCA-GxT.out'.


(/usr/local/texlive/2023/texmf-dist/tex/latex/translator/translator-basic-dicti
onary-English.dict
Dictionary: translator-basic-dictionary, Language: English 
)
(/usr/local/texlive/2023/texmf-dist/tex/latex/translator/translator-bibliograph
y-dictionary-English.dict
Dictionary: translator-bibliography-dictionary, Language: English 
)
(/usr/local/texlive/2023/texmf-dist/tex/latex/translator/translator-environment
-dictionary-English.dict
Dictionary: translator-environment-dictionary, Language: English 
)
(/usr/local/texlive/2023/texmf-dist/tex/latex/translator/translator-months-dict
ionary-English.dict
Dictionary: translator-months-dictionary, Language: English 
)
(/usr/local/texlive/2023/texmf-dist/tex/latex/translator/translator-numbers-dic
tionary-English.dict
Dictionary: translator-numbers-dictionary, Language: English 
)
(/usr/local/texlive/2023/texmf-dist/tex/latex/translator/translator-theorem-dic
tionary-English.dict
Dictionary: translator-theorem-dictionary, Language: English 
)
\c@mv@tabular=\count427
\c@mv@boldtabular=\count428
LaTeX Info: Redefining \microtypecontext on input line 35.
Package microtype Info: Applying patch `item' on input line 35.
Package microtype Info: Applying patch `toc' on input line 35.
Package microtype Info: Applying patch `eqnum' on input line 35.
Package microtype Info: Applying patch `footnote' on input line 35.
Package microtype Info: Applying patch `verbatim' on input line 35.
Package microtype Info: Generating PDF output.
Package microtype Info: Character protrusion enabled (level 2).
Package microtype Info: Using default protrusion set `alltext'.
Package microtype Info: Automatic font expansion enabled (level 2),
(microtype)             stretch: 20, shrink: 20, step: 1, non-selected.
Package microtype Info: Using default expansion set `alltext-nott'.
LaTeX Info: Redefining \showhyphens on input line 35.
Package microtype Info: No adjustment of tracking.
Package microtype Info: No adjustment of interword spacing.
Package microtype Info: No adjustment of character kerning.
Package microtype Info: Loading generic protrusion settings for font family
(microtype)             `Roboto-LF' (encoding: OT1).
(microtype)             For optimal results, create family-specific settings.
(microtype)             See the microtype manual for details.
\c@lstlisting=\count429

(/usr/local/texlive/2023/texmf-dist/tex/latex/base/inputenc.sty
Package: inputenc 2021/02/14 v1.3d Input encoding file
\inpenc@prehook=\toks65
\inpenc@posthook=\toks66
)
(/usr/local/texlive/2023/texmf-dist/tex/latex/pdflscape/pdflscape.sty
Package: pdflscape 2022-10-27 v0.13 Display of landscape pages in PDF

(/usr/local/texlive/2023/texmf-dist/tex/latex/pdflscape/pdflscape-nometadata.st
y
Package: pdflscape-nometadata 2022-10-28 v0.13 Display of landscape pages in PD
F (HO)
 (/usr/local/texlive/2023/texmf-dist/tex/latex/graphics/lscape.sty
Package: lscape 2020/05/28 v3.02 Landscape Pages (DPC)
)
Package pdflscape Info: Auto-detected driver: pdftex on input line 81.
))
No file 03-CCA-GxT.nav.
LaTeX Font Info:    Font shape `OT1/Roboto-LF/l/n' aliased to
(Font)              `OT1/Roboto-LF/light/n' on input line 35.
LaTeX Font Info:    Font shape `OT1/Roboto-LF/light/n' will be
(Font)              scaled to size 6.0pt on input line 35.
<./lecture_includes/banner_cropped.png, id=49, 1541.76pt x 1027.84pt>
File: ./lecture_includes/banner_cropped.png Graphic file (type png)
<use ./lecture_includes/banner_cropped.png>
Package pdftex.def Info: ./lecture_includes/banner_cropped.png  used on input l
ine 43.
(pdftex.def)             Requested size: 284.06808pt x 189.37892pt.
[1

 <./lecture_includes/banner_cropped.png>]

Package hyperref Warning: Token not allowed in a PDF string (Unicode):
(hyperref)                removing `math shift' on input line 51.


Package hyperref Warning: Token not allowed in a PDF string (Unicode):
(hyperref)                removing `\times' on input line 51.


Package hyperref Warning: Token not allowed in a PDF string (Unicode):
(hyperref)                removing `math shift' on input line 51.

No file 03-CCA-GxT.toc.
LaTeX Font Info:    Font shape `OT1/Roboto-LF/l/n' aliased to
(Font)              `OT1/Roboto-LF/light/n' on input line 51.
LaTeX Font Info:    Font shape `OT1/Roboto-LF/light/n' will be
(Font)              scaled to size 14.4pt on input line 51.
LaTeX Font Info:    Font shape `OT1/Roboto-LF/l/n' aliased to
(Font)              `OT1/Roboto-LF/light/n' on input line 51.
LaTeX Font Info:    Font shape `OT1/Roboto-LF/light/n' will be
(Font)              scaled to size 4.0pt on input line 51.
[2

{/usr/local/texlive/2023/texmf-var/fonts/map/pdftex/updmap/pdftex.map}{/usr/loc
al/texlive/2023/texmf-dist/fonts/enc/dvips/roboto/rbto_schjax.enc}]
LaTeX Font Info:    Font shape `OT1/Roboto-LF/l/n' aliased to
(Font)              `OT1/Roboto-LF/light/n' on input line 68.
LaTeX Font Info:    Font shape `OT1/Roboto-LF/light/n' will be
(Font)              scaled to size 10.0pt on input line 68.

(/usr/local/texlive/2023/texmf-dist/tex/latex/microtype/mt-cmr.cfg
File: mt-cmr.cfg 2013/05/19 v2.2 microtype config. file: Computer Modern Roman 
(RS)
)
(/usr/local/texlive/2023/texmf-dist/tex/latex/microtype/mt-msa.cfg
File: mt-msa.cfg 2006/02/04 v1.1 microtype config. file: AMS symbols (a) (RS)
)
(/usr/local/texlive/2023/texmf-dist/tex/latex/microtype/mt-msb.cfg
File: mt-msb.cfg 2005/06/01 v1.0 microtype config. file: AMS symbols (b) (RS)
) [3

]
[4

] [5

] [6

] [7

] [8

] [9

]
<./lecture_includes/bacon_goodman_2.png, id=117, 650.43pt x 476.5002pt>
File: ./lecture_includes/bacon_goodman_2.png Graphic file (type png)
<use ./lecture_includes/bacon_goodman_2.png>
Package pdftex.def Info: ./lecture_includes/bacon_goodman_2.png  used on input 
line 160.
(pdftex.def)             Requested size: 364.19861pt x 266.8092pt.
 [10

 <./lecture_includes/bacon_goodman_2.png>]
<./lecture_includes/bacon_goodman_3.png, id=126, 650.43pt x 483.7272pt>
File: ./lecture_includes/bacon_goodman_3.png Graphic file (type png)
<use ./lecture_includes/bacon_goodman_3.png>
Package pdftex.def Info: ./lecture_includes/bacon_goodman_3.png  used on input 
line 170.
(pdftex.def)             Requested size: 292.6908pt x 217.67522pt.
 [11

 <./lecture_includes/bacon_goodman_3.png>]
<./lecture_includes/bacon_goodman_4.png, id=134, 650.43pt x 482.7636pt>
File: ./lecture_includes/bacon_goodman_4.png Graphic file (type png)
<use ./lecture_includes/bacon_goodman_4.png>
Package pdftex.def Info: ./lecture_includes/bacon_goodman_4.png  used on input 
line 178.
(pdftex.def)             Requested size: 292.6908pt x 217.24161pt.
 [12

 <./lecture_includes/bacon_goodman_4.png>]
<./lecture_includes/bacon_goodman_6.png, id=142, 650.43pt x 482.7636pt>
File: ./lecture_includes/bacon_goodman_6.png Graphic file (type png)
<use ./lecture_includes/bacon_goodman_6.png>
Package pdftex.def Info: ./lecture_includes/bacon_goodman_6.png  used on input 
line 189.
(pdftex.def)             Requested size: 292.6908pt x 217.24161pt.
 [13

 <./lecture_includes/bacon_goodman_6.png>]
<./lecture_includes/bacon_goodman_7.png, id=151, 650.43pt x 482.7636pt>
File: ./lecture_includes/bacon_goodman_7.png Graphic file (type png)
<use ./lecture_includes/bacon_goodman_7.png>
Package pdftex.def Info: ./lecture_includes/bacon_goodman_7.png  used on input 
line 198.
(pdftex.def)             Requested size: 260.16739pt x 193.102pt.
 [14

 <./lecture_includes/bacon_goodman_7.png>] [15

] [16

]
LaTeX Font Info:    Font shape `OT1/Roboto-LF/l/it' aliased to
(Font)              `OT1/Roboto-LF/light/it' on input line 243.
LaTeX Font Info:    Font shape `OT1/Roboto-LF/light/it' will be
(Font)              scaled to size 10.95pt on input line 243.
 [17

] [18

] [19

] [20

] [21

]
LaTeX Font Info:    Font shape `OT1/Roboto-LF/l/n' aliased to
(Font)              `OT1/Roboto-LF/light/n' on input line 313.
LaTeX Font Info:    Font shape `OT1/Roboto-LF/light/n' will be
(Font)              scaled to size 8.0pt on input line 313.
 [22

]
Overfull \hbox (3.46854pt too wide) in alignment at lines 326--326
 [][][] []
 []

[23

] [24

] [25

]
<./lecture_includes/constant_te.png, id=229, 621.82312pt x 686.06313pt>
File: ./lecture_includes/constant_te.png Graphic file (type png)
<use ./lecture_includes/constant_te.png>
Package pdftex.def Info: ./lecture_includes/constant_te.png  used on input line
 373.
(pdftex.def)             Requested size: 156.48961pt x 184.9464pt.
<./lecture_includes/dynamic_te.png, id=230, 612.78937pt x 688.07062pt>
File: ./lecture_includes/dynamic_te.png Graphic file (type png)
<use ./lecture_includes/dynamic_te.png>
Package pdftex.def Info: ./lecture_includes/dynamic_te.png  used on input line 
373.
(pdftex.def)             Requested size: 156.4883pt x 184.94162pt.
 [26

 <./lecture_includes/constant_te.png> <./lecture_includes/dynamic_te.png>]
<./lecture_includes/baker_attgt.png, id=239, 554.07pt x 750.805pt>
File: ./lecture_includes/baker_attgt.png Graphic file (type png)
<use ./lecture_includes/baker_attgt.png>
Package pdftex.def Info: ./lecture_includes/baker_attgt.png  used on input line
 389.
(pdftex.def)             Requested size: 156.49124pt x 184.9398pt.

Overfull \hbox (29.49538pt too wide) in paragraph at lines 389--389
 [][] 
 []

[27

 <./lecture_includes/baker_attgt.png>]
LaTeX Font Info:    Font shape `OT1/Roboto-LF/l/it' aliased to
(Font)              `OT1/Roboto-LF/light/it' on input line 423.
LaTeX Font Info:    Font shape `OT1/Roboto-LF/light/it' will be
(Font)              scaled to size 10.0pt on input line 423.
LaTeX Font Info:    Font shape `OT1/Roboto-LF/b/n' aliased to
(Font)              `OT1/Roboto-LF/bold/n' on input line 423.
LaTeX Font Info:    Font shape `OT1/Roboto-LF/bold/n' will be
(Font)              scaled to size 10.0pt on input line 423.
 [28

] [29

] [30

]
LaTeX Font Info:    Font shape `OT1/Roboto-LF/b/n' aliased to
(Font)              `OT1/Roboto-LF/bold/n' on input line 476.
LaTeX Font Info:    Font shape `OT1/Roboto-LF/bold/n' will be
(Font)              scaled to size 10.95pt on input line 476.
 [31

] [32

] [33

]
File: ./lecture_includes/baker_attgt.png Graphic file (type png)
<use ./lecture_includes/baker_attgt.png>
Package pdftex.def Info: ./lecture_includes/baker_attgt.png  used on input line
 520.
(pdftex.def)             Requested size: 156.49124pt x 184.9398pt.

Overfull \hbox (29.49538pt too wide) in paragraph at lines 520--520
 [][] 
 []


Overfull \hbox (46.4292pt too wide) in alignment at lines 520--520
 [][][] []
 []

[34

] [35

] [36

] [37

] [38

] [39

]
<./lecture_includes/baker_attgt_cs.png, id=325, 702.12312pt x 480.79625pt>
File: ./lecture_includes/baker_attgt_cs.png Graphic file (type png)
<use ./lecture_includes/baker_attgt_cs.png>
Package pdftex.def Info: ./lecture_includes/baker_attgt_cs.png  used on input l
ine 600.
(pdftex.def)             Requested size: 315.95248pt x 216.35631pt.
 [40

 <./lecture_includes/baker_attgt_cs.png>]
[41

] [42

]
Overfull \vbox (13.82736pt too high) detected at line 673
 []

[43

] [44

] [45

] [46

] [47

]
<./lecture_includes/shortgap.png, id=380, 984.17688pt x 817.0525pt>
File: ./lecture_includes/shortgap.png Graphic file (type png)
<use ./lecture_includes/shortgap.png>
Package pdftex.def Info: ./lecture_includes/shortgap.png  used on input line 73
6.
(pdftex.def)             Requested size: 259.34895pt x 215.30856pt.
 [48

 <./lecture_includes/shortgap.png>]
Package microtype Info: Loading generic protrusion settings for font family
(microtype)             `cmtt' (encoding: OT1).
(microtype)             For optimal results, create family-specific settings.
(microtype)             See the microtype manual for details.
 [49

]
<./lecture_includes/magic_johnson_eventstudy.png, id=396, 523.9575pt x 244.4131
3pt>
File: ./lecture_includes/magic_johnson_eventstudy.png Graphic file (type png)
<use ./lecture_includes/magic_johnson_eventstudy.png>
Package pdftex.def Info: ./lecture_includes/magic_johnson_eventstudy.png  used 
on input line 761.
(pdftex.def)             Requested size: 346.19678pt x 161.48961pt.

Overfull \hbox (12.00142pt too wide) in paragraph at lines 761--761
 [] 
 []

[50

 <./lecture_includes/magic_johnson_eventstudy.png>]
<./lecture_includes/facebook_3.png, id=404, 717.68124pt x 445.16313pt>
File: ./lecture_includes/facebook_3.png Graphic file (type png)
<use ./lecture_includes/facebook_3.png>
Package pdftex.def Info: ./lecture_includes/facebook_3.png  used on input line 
770.
(pdftex.def)             Requested size: 260.34717pt x 161.48961pt.
 [51

 <./lecture_includes/facebook_3.png>]
No file 03-CCA-GxT.toc.
[52

] [53

] [54

] [55

]
<./lecture_includes/online_dating.png, id=438, 919.93687pt x 664.4825pt>
File: ./lecture_includes/online_dating.png Graphic file (type png)
<use ./lecture_includes/online_dating.png>
Package pdftex.def Info: ./lecture_includes/online_dating.png  used on input li
ne 837.
(pdftex.def)             Requested size: 316.73286pt x 228.77626pt.
 [56

 <./lecture_includes/online_dating.png>] [57

] [58

]
[59

]
<./lecture_includes/melanie1.png, id=465, 1121.69063pt x 364.36125pt>
File: ./lecture_includes/melanie1.png Graphic file (type png)
<use ./lecture_includes/melanie1.png>
Package pdftex.def Info: ./lecture_includes/melanie1.png  used on input line 89
0.
(pdftex.def)             Requested size: 704.28978pt x 228.77626pt.

Overfull \hbox (370.09442pt too wide) in paragraph at lines 890--890
 [] 
 []


Overfull \vbox (13.93285pt too high) detected at line 890
 []

[60

 <./lecture_includes/melanie1.png>]
<./lecture_includes/melanie2.png, id=473, 1192.455pt x 392.21532pt>
File: ./lecture_includes/melanie2.png Graphic file (type png)
<use ./lecture_includes/melanie2.png>
Package pdftex.def Info: ./lecture_includes/melanie2.png  used on input line 89
9.
(pdftex.def)             Requested size: 409.14119pt x 134.5733pt.

Overfull \hbox (74.94583pt too wide) in paragraph at lines 899--899
 [] 
 []

[61

 <./lecture_includes/melanie2.png>]
<./lecture_includes/melanie3.png, id=482, 1293.33188pt x 417.05812pt>
File: ./lecture_includes/melanie3.png Graphic file (type png)
<use ./lecture_includes/melanie3.png>
Package pdftex.def Info: ./lecture_includes/melanie3.png  used on input line 90
7.
(pdftex.def)             Requested size: 709.45995pt x 228.77626pt.

Overfull \hbox (375.26459pt too wide) in paragraph at lines 907--907
 [] 
 []


Overfull \vbox (13.93285pt too high) detected at line 907
 []

[62

 <./lecture_includes/melanie3.png>]
<./lecture_includes/melanie4.png, id=490, 1085.55562pt x 376.40625pt>
File: ./lecture_includes/melanie4.png Graphic file (type png)
<use ./lecture_includes/melanie4.png>
Package pdftex.def Info: ./lecture_includes/melanie4.png  used on input line 91
5.
(pdftex.def)             Requested size: 659.80272pt x 228.77626pt.

Overfull \hbox (325.60736pt too wide) in paragraph at lines 915--915
 [] 
 []


Overfull \vbox (13.93285pt too high) detected at line 915
 []

[63

 <./lecture_includes/melanie4.png>]
<./lecture_includes/melanie5.png, id=498, 1190.94937pt x 465.23813pt>
File: ./lecture_includes/melanie5.png Graphic file (type png)
<use ./lecture_includes/melanie5.png>
Package pdftex.def Info: ./lecture_includes/melanie5.png  used on input line 92
3.
(pdftex.def)             Requested size: 585.6238pt x 228.77626pt.

Overfull \hbox (251.42844pt too wide) in paragraph at lines 923--923
 [] 
 []


Overfull \vbox (13.93285pt too high) detected at line 923
 []

[64

 <./lecture_includes/melanie5.png>]
<./lecture_includes/melanie6.png, id=506, 1018.55531pt x 485.56406pt>
File: ./lecture_includes/melanie6.png Graphic file (type png)
<use ./lecture_includes/melanie6.png>
Package pdftex.def Info: ./lecture_includes/melanie6.png  used on input line 93
1.
(pdftex.def)             Requested size: 479.8867pt x 228.77626pt.

Overfull \hbox (145.69135pt too wide) in paragraph at lines 931--931
 [] 
 []


Overfull \vbox (13.93285pt too high) detected at line 931
 []

[65

 <./lecture_includes/melanie6.png>]
<./lecture_includes/melanie7.png, id=514, 973.38657pt x 450.18187pt>
File: ./lecture_includes/melanie7.png Graphic file (type png)
<use ./lecture_includes/melanie7.png>
Package pdftex.def Info: ./lecture_includes/melanie7.png  used on input line 93
9.
(pdftex.def)             Requested size: 494.66797pt x 228.77626pt.

Overfull \hbox (160.47261pt too wide) in paragraph at lines 939--939
 [] 
 []


Overfull \vbox (13.93285pt too high) detected at line 939
 []

[66

 <./lecture_includes/melanie7.png>]
<./lecture_includes/melanie8.png, id=522, 901.86937pt x 427.5975pt>
File: ./lecture_includes/melanie8.png Graphic file (type png)
<use ./lecture_includes/melanie8.png>
Package pdftex.def Info: ./lecture_includes/melanie8.png  used on input line 94
7.
(pdftex.def)             Requested size: 482.51599pt x 228.77626pt.

Overfull \hbox (148.32063pt too wide) in paragraph at lines 947--947
 [] 
 []


Overfull \vbox (13.93285pt too high) detected at line 947
 []

[67

 <./lecture_includes/melanie8.png>] [68

]
<./lecture_includes/national_br.png, id=537, 1268.74pt x 922.44624pt>
File: ./lecture_includes/national_br.png Graphic file (type png)
<use ./lecture_includes/national_br.png>
Package pdftex.def Info: ./lecture_includes/national_br.png  used on input line
 978.
(pdftex.def)             Requested size: 167.09088pt x 121.48459pt.
<./lecture_includes/county_br.png, id=538, 1268.74pt x 922.44624pt>
File: ./lecture_includes/county_br.png Graphic file (type png)
<use ./lecture_includes/county_br.png>
Package pdftex.def Info: ./lecture_includes/county_br.png  used on input line 9
78.
(pdftex.def)             Requested size: 167.09088pt x 121.48459pt.
 [69

 <./lecture_includes/national_br.png> <./lecture_includes/county_br.png>]
<./lecture_includes/python_births.png, id=545, 843.3909pt x 397.84634pt>
File: ./lecture_includes/python_births.png Graphic file (type png)
<use ./lecture_includes/python_births.png>
Package pdftex.def Info: ./lecture_includes/python_births.png  used on input li
ne 988.
(pdftex.def)             Requested size: 342.33072pt x 161.48961pt.

Overfull \hbox (8.13536pt too wide) in paragraph at lines 988--988
 [] 
 []

[70

 <./lecture_includes/python_births.png>] [71

]
<./lecture_includes/rollout.png, id=560, 895.345pt x 895.345pt>
File: ./lecture_includes/rollout.png Graphic file (type png)
<use ./lecture_includes/rollout.png>
Package pdftex.def Info: ./lecture_includes/rollout.png  used on input line 102
4.
(pdftex.def)             Requested size: 255.68146pt x 255.68146pt.

Overfull \vbox (17.87796pt too high) detected at line 1024
 []

[72

 <./lecture_includes/rollout.png>]
<./lecture_includes/pretty_births.png, id=567, 2007.5pt x 1606.0pt>
File: ./lecture_includes/pretty_births.png Graphic file (type png)
<use ./lecture_includes/pretty_births.png>
Package pdftex.def Info: ./lecture_includes/pretty_births.png  used on input li
ne 1028.
(pdftex.def)             Requested size: 302.76613pt x 242.2129pt.

Overfull \vbox (4.40941pt too high) detected at line 1028
 []

[73

 <./lecture_includes/pretty_births.png>] [74

]
<./lecture_includes/es_births_shortnone.png, id=581, 1071.00125pt x 778.91pt>
File: ./lecture_includes/es_births_shortnone.png Graphic file (type png)
<use ./lecture_includes/es_births_shortnone.png>
Package pdftex.def Info: ./lecture_includes/es_births_shortnone.png  used on in
put line 1055.
(pdftex.def)             Requested size: 314.55354pt x 228.77626pt.
 [75

 <./lecture_includes/es_births_shortnone.png>]
<./lecture_includes/es_births_none.png, id=588, 1071.00125pt x 778.91pt>
File: ./lecture_includes/es_births_none.png Graphic file (type png)
<use ./lecture_includes/es_births_none.png>
Package pdftex.def Info: ./lecture_includes/es_births_none.png  used on input l
ine 1064.
(pdftex.def)             Requested size: 314.55354pt x 228.77626pt.
 [76

 <./lecture_includes/es_births_none.png>]
File: ./lecture_includes/es_births_shortnone.png Graphic file (type png)
<use ./lecture_includes/es_births_shortnone.png>
Package pdftex.def Info: ./lecture_includes/es_births_shortnone.png  used on in
put line 1084.
(pdftex.def)             Requested size: 166.52643pt x 121.11516pt.

Overfull \hbox (6.11409pt too wide) in paragraph at lines 1084--1084
 [][] 
 []

File: ./lecture_includes/es_births_none.png Graphic file (type png)
<use ./lecture_includes/es_births_none.png>
Package pdftex.def Info: ./lecture_includes/es_births_none.png  used on input l
ine 1084.
(pdftex.def)             Requested size: 166.52643pt x 121.11516pt.

Overfull \hbox (6.11409pt too wide) in paragraph at lines 1084--1084
 [][] 
 []

[77

] [78

] [79

] [80

]
<./lecture_includes/pretty_fempop.png, id=623, 2007.5pt x 1606.0pt>
File: ./lecture_includes/pretty_fempop.png Graphic file (type png)
<use ./lecture_includes/pretty_fempop.png>
Package pdftex.def Info: ./lecture_includes/pretty_fempop.png  used on input li
ne 1134.
(pdftex.def)             Requested size: 285.94919pt x 228.77626pt.
 [81

 <./lecture_includes/pretty_fempop.png>]
<./lecture_includes/pretty_RUCC.png, id=630, 2007.5pt x 1606.0pt>
File: ./lecture_includes/pretty_RUCC.png Graphic file (type png)
<use ./lecture_includes/pretty_RUCC.png>
Package pdftex.def Info: ./lecture_includes/pretty_RUCC.png  used on input line
 1144.
(pdftex.def)             Requested size: 285.94919pt x 228.77626pt.
 [82

 <./lecture_includes/pretty_RUCC.png>] [83

]
<./lecture_includes/es_br1544_combined.png, id=643, 1192.455pt x 867.24pt>
File: ./lecture_includes/es_br1544_combined.png Graphic file (type png)
<use ./lecture_includes/es_br1544_combined.png>
Package pdftex.def Info: ./lecture_includes/es_br1544_combined.png  used on inp
ut line 1175.
(pdftex.def)             Requested size: 314.56163pt x 228.77626pt.
 [84

 <./lecture_includes/es_br1544_combined.png>]
File: ./lecture_includes/es_births_shortnone.png Graphic file (type png)
<use ./lecture_includes/es_births_shortnone.png>
Package pdftex.def Info: ./lecture_includes/es_births_shortnone.png  used on in
put line 1194.
(pdftex.def)             Requested size: 166.52643pt x 121.11516pt.

Overfull \hbox (6.11409pt too wide) in paragraph at lines 1194--1194
 [][] 
 []

<./lecture_includes/es_births_RUCC.png, id=650, 1268.74pt x 922.44624pt>
File: ./lecture_includes/es_births_RUCC.png Graphic file (type png)
<use ./lecture_includes/es_births_RUCC.png>
Package pdftex.def Info: ./lecture_includes/es_births_RUCC.png  used on input l
ine 1194.
(pdftex.def)             Requested size: 166.56818pt x 121.11516pt.

Overfull \hbox (6.15584pt too wide) in paragraph at lines 1194--1194
 [][] 
 []

[85

 <./lecture_includes/es_births_RUCC.png>]
<./lecture_includes/es_br1544_RUCCcombined.png, id=658, 3011.25pt x 2258.4375pt
>
File: ./lecture_includes/es_br1544_RUCCcombined.png Graphic file (type png)
<use ./lecture_includes/es_br1544_RUCCcombined.png>
Package pdftex.def Info: ./lecture_includes/es_br1544_RUCCcombined.png  used on
 input line 1202.
(pdftex.def)             Requested size: 305.00226pt x 228.77626pt.
 [86

 <./lecture_includes/es_br1544_RUCCcombined.png>] [87

] [88

]
<./lecture_includes/lasso_br1544.png, id=677, 1071.00125pt x 778.91pt>
File: ./lecture_includes/lasso_br1544.png Graphic file (type png)
<use ./lecture_includes/lasso_br1544.png>
Package pdftex.def Info: ./lecture_includes/lasso_br1544.png  used on input lin
e 1236.
(pdftex.def)             Requested size: 314.55354pt x 228.77626pt.

Overfull \vbox (18.77287pt too high) detected at line 1236
 []

[89

 <./lecture_includes/lasso_br1544.png>] [90

]
<./lecture_includes/es_births_allX.png, id=690, 1268.74pt x 922.44624pt>
File: ./lecture_includes/es_births_allX.png Graphic file (type png)
<use ./lecture_includes/es_births_allX.png>
Package pdftex.def Info: ./lecture_includes/es_births_allX.png  used on input l
ine 1258.
(pdftex.def)             Requested size: 314.64813pt x 228.77626pt.

Overfull \vbox (18.77287pt too high) detected at line 1258
 []

[91

 <./lecture_includes/es_births_allX.png>] [92

] [93

] [94

] [95

] [96

]
<./lecture_includes/craig_dm.jpeg, id=729, 1132.23pt x 2391.93625pt>
File: ./lecture_includes/craig_dm.jpeg Graphic file (type jpg)
<use ./lecture_includes/craig_dm.jpeg>
Package pdftex.def Info: ./lecture_includes/craig_dm.jpeg  used on input line 1
351.
(pdftex.def)             Requested size: 419.3811pt x 885.95152pt.


Class beamer Warning: Frame text is shrunk by a factor of 70.22858 percent inst
ead of 20 percent on input line 1351.

[97

 <./lecture_includes/craig_dm.jpeg>]
No file 03-CCA-GxT.toc.
[98

] [99

] [100

] [101

] [102

] [103

] [104

] [105

] [106

]
<./lecture_includes/timetil.jpg, id=794, 3272.225pt x 1687.30376pt>
File: ./lecture_includes/timetil.jpg Graphic file (type jpg)
<use ./lecture_includes/timetil.jpg>
Package pdftex.def Info: ./lecture_includes/timetil.jpg  used on input line 146
6.
(pdftex.def)             Requested size: 654.43341pt x 337.45477pt.

Overfull \hbox (320.23805pt too wide) in paragraph at lines 1466--1466
 [] 
 []


Overfull \vbox (122.61136pt too high) detected at line 1466
 []

[107

 <./lecture_includes/timetil.jpg>] [108

] [109

] [110

] [111

] [112

] [113

]
[114

] [115

] [116

] [117

]
Overfull \vbox (6.54399pt too high) detected at line 1605
 []

[118

] [119

] [120

] [121

] [122

] [123

] [124

] [125

] [126

] [127

] [128

] [129

]
[130

] [131

]
<./lecture_includes/sa_leads.png, id=953, 576.1525pt x 449.68pt>
File: ./lecture_includes/sa_leads.png Graphic file (type png)
<use ./lecture_includes/sa_leads.png>
Package pdftex.def Info: ./lecture_includes/sa_leads.png  used on input line 17
85.
(pdftex.def)             Requested size: 259.26622pt x 202.35413pt.
 [132

 <./lecture_includes/sa_leads.png>]
<./lecture_includes/twfe_sa_event.png, id=961, 606.265pt x 486.81876pt>
File: ./lecture_includes/twfe_sa_event.png Graphic file (type png)
<use ./lecture_includes/twfe_sa_event.png>
Package pdftex.def Info: ./lecture_includes/twfe_sa_event.png  used on input li
ne 1797.
(pdftex.def)             Requested size: 242.5017pt x 194.72404pt.
 [133

 <./lecture_includes/twfe_sa_event.png>] [134

] [135

] [136

] [137

] [138

]
LaTeX Font Info:    Font shape `OT1/Roboto-LF/l/n' aliased to
(Font)              `OT1/Roboto-LF/light/n' on input line 1868.
LaTeX Font Info:    Font shape `OT1/Roboto-LF/light/n' will be
(Font)              scaled to size 12.0pt on input line 1868.
 [139

] [140

] [141

] [142

]
[143

] [144

] [145

]
Overfull \hbox (2.66795pt too wide) detected at line 1951
\OML/cmm/m/it/10.95 DID[] \OT1/cmr/m/n/10.95 = [] \OMS/cmsy/m/n/10.95 ^^@ []
 []

[146

]

LaTeX Font Warning: Command \small invalid in math mode on input line 1966.

LaTeX Font Info:    Font shape `OT1/Roboto-LF/l/n' aliased to
(Font)              `OT1/Roboto-LF/light/n' on input line 1966.
LaTeX Font Info:    Font shape `OT1/Roboto-LF/light/n' will be
(Font)              scaled to size 7.0pt on input line 1966.
[147

] [148

] [149

] [150

] [151

]
Underfull \vbox (badness 10000) has occurred while \output is active []

 [152

]
[153]
<./lecture_includes/step9_roth.png, id=1096, 2033.5975pt x 1636.1125pt>
File: ./lecture_includes/step9_roth.png Graphic file (type png)
<use ./lecture_includes/step9_roth.png>
Package pdftex.def Info: ./lecture_includes/step9_roth.png  used on input line 
2030.
(pdftex.def)             Requested size: 284.32935pt x 228.77626pt.
 [154

 <./lecture_includes/step9_roth.png>]
No file 03-CCA-GxT.toc.
[155

] [156

] [157

] [158

] [159

]
\tf@nav=\write6
\openout6 = `03-CCA-GxT.nav'.

\tf@toc=\write7
\openout7 = `03-CCA-GxT.toc'.

\tf@snm=\write8
\openout8 = `03-CCA-GxT.snm'.

 [160] (./03-CCA-GxT.aux)

LaTeX Font Warning: Some font shapes were not available, defaults substituted.


LaTeX Warning: Label(s) may have changed. Rerun to get cross-references right.


LaTeX Warning: Temporary extra page added at the end. Rerun to get it removed.


Package rerunfilecheck Warning: File `03-CCA-GxT.out' has changed.
(rerunfilecheck)                Rerun to get outlines right
(rerunfilecheck)                or use package `bookmark'.

Package rerunfilecheck Info: Checksums for `03-CCA-GxT.out':
(rerunfilecheck)             Before: <no file>
(rerunfilecheck)             After:  0657B011EBDB107B3150FF9E085D387A;2020.
 ) 
Here is how much of TeX's memory you used:
 43878 strings out of 476025
 942844 string characters out of 5790017
 1863388 words of memory out of 5000000
 62947 multiletter control sequences out of 15000+600000
 547143 words of font info for 148 fonts, out of 8000000 for 9000
 1141 hyphenation exceptions out of 8191
 128i,16n,122p,1007b,692s stack positions out of 10000i,1000n,20000p,200000b,200000s
</usr/local/texlive/2023/texmf-dist/fonts/type1/google/roboto/Roboto-Bold.pfb
></usr/local/texlive/2023/texmf-dist/fonts/type1/google/roboto/Roboto-Light.pfb
></usr/local/texlive/2023/texmf-dist/fonts/type1/google/roboto/Roboto-LightItal
ic.pfb></usr/local/texlive/2023/texmf-dist/fonts/type1/public/amsfonts/cm/cmex1
0.pfb></usr/local/texlive/2023/texmf-dist/fonts/type1/public/amsfonts/cm/cmmi10
.pfb></usr/local/texlive/2023/texmf-dist/fonts/type1/public/amsfonts/cm/cmmi12.
pfb></usr/local/texlive/2023/texmf-dist/fonts/type1/public/amsfonts/cm/cmmi6.pf
b></usr/local/texlive/2023/texmf-dist/fonts/type1/public/amsfonts/cm/cmmi7.pfb>
</usr/local/texlive/2023/texmf-dist/fonts/type1/public/amsfonts/cm/cmmi8.pfb></
usr/local/texlive/2023/texmf-dist/fonts/type1/public/amsfonts/cm/cmr10.pfb></us
r/local/texlive/2023/texmf-dist/fonts/type1/public/amsfonts/cm/cmr7.pfb></usr/l
ocal/texlive/2023/texmf-dist/fonts/type1/public/amsfonts/cm/cmr8.pfb></usr/loca
l/texlive/2023/texmf-dist/fonts/type1/public/amsfonts/cm/cmsy10.pfb></usr/local
/texlive/2023/texmf-dist/fonts/type1/public/amsfonts/cm/cmsy6.pfb></usr/local/t
exlive/2023/texmf-dist/fonts/type1/public/amsfonts/cm/cmsy7.pfb></usr/local/tex
live/2023/texmf-dist/fonts/type1/public/amsfonts/cm/cmsy8.pfb></usr/local/texli
ve/2023/texmf-dist/fonts/type1/public/amsfonts/cm/cmtt10.pfb></usr/local/texliv
e/2023/texmf-dist/fonts/type1/public/amsfonts/symbols/msbm10.pfb>
Output written on 03-CCA-GxT.pdf (160 pages, 10892155 bytes).
PDF statistics:
 1291 PDF objects out of 1440 (max. 8388607)
 987 compressed objects within 10 object streams
 330 named destinations out of 1000 (max. 500000)
 39816 words of extra memory for PDF output out of 42996 (max. 10000000)

